2018-12-05 19:53:37.962 [main] [DEBUG] c.v.mapper.DictTypeMapper.insert.debug 159 -- ==>  Preparing: INSERT INTO t_dict_type ( id, `name`, value, `desc` ) VALUES ( ?, ?, ?, ? )
2018-12-05 19:53:37.988 [main] [DEBUG] c.v.mapper.DictTypeMapper.insert.debug 159 -- ==> Parameters: 394c9911f60049cf94a3e6c066a1b9d6(String), 校区(String), 0010(String), 校区字典项管理(String)
2018-12-05 19:56:36.944 [main] [DEBUG] c.v.mapper.DictTypeMapper.insert.debug 159 -- ==>  Preparing: INSERT INTO t_dict_type ( id, `name`, `value`, `desc` ) VALUES ( ?, ?, ?, ? ) 
2018-12-05 19:56:36.966 [main] [DEBUG] c.v.mapper.DictTypeMapper.insert.debug 159 -- ==> Parameters: 42f08f174646421aa0fa32512293cd99(String), 校区(String), 0010(String), 校区字典项管理(String)
2018-12-05 19:56:36.988 [main] [DEBUG] c.v.mapper.DictTypeMapper.insert.debug 159 -- <==    Updates: 1
2018-12-05 20:01:39.943 [main] [DEBUG] c.vacomall.mapper.DictMapper.insert.debug 159 -- ==>  Preparing: INSERT INTO t_dict ( id, `name`, `value`, typeValue, `desc` ) VALUES ( ?, ?, ?, ?, ? ) 
2018-12-05 20:01:39.966 [main] [DEBUG] c.vacomall.mapper.DictMapper.insert.debug 159 -- ==> Parameters: 2cf9485679af492ebdee53deb91d409d(String), 会峰校区(String), 1(String), 0010(String), 南校区(String)
2018-12-05 20:01:39.993 [main] [DEBUG] c.vacomall.mapper.DictMapper.insert.debug 159 -- <==    Updates: 1
2018-12-05 20:01:39.997 [main] [DEBUG] c.vacomall.mapper.DictMapper.insert.debug 159 -- ==>  Preparing: INSERT INTO t_dict ( id, `name`, `value`, typeValue, `desc` ) VALUES ( ?, ?, ?, ?, ? ) 
2018-12-05 20:01:39.997 [main] [DEBUG] c.vacomall.mapper.DictMapper.insert.debug 159 -- ==> Parameters: 42d28e1e76434cb3a38925b998b6705d(String), 琅琊校区(String), 2(String), 0010(String), 北校区(String)
2018-12-05 20:01:40.000 [main] [DEBUG] c.vacomall.mapper.DictMapper.insert.debug 159 -- <==    Updates: 1
2018-12-05 20:16:20.228 [qtp1253785665-18] [DEBUG] c.v.m.SysSettingMapper.selectList.debug 159 -- ==>  Preparing: SELECT Id,sysKey,sysName,sysValue,sort,sysDesc FROM sys_setting ORDER BY sort ASC 
2018-12-05 20:16:20.252 [qtp1253785665-18] [DEBUG] c.v.m.SysSettingMapper.selectList.debug 159 -- ==> Parameters: 
2018-12-05 20:16:20.276 [qtp1253785665-18] [DEBUG] c.v.m.SysSettingMapper.selectList.debug 159 -- <==      Total: 3
2018-12-05 20:16:33.830 [qtp1253785665-18] [DEBUG] c.v.mapper.SysUserMapper.selectList.debug 159 -- ==>  Preparing: SELECT id,userName,`password`,userState,createTime,userDesc,userImg,deptId FROM sys_user WHERE (userName = ?) 
2018-12-05 20:16:33.831 [qtp1253785665-18] [DEBUG] c.v.mapper.SysUserMapper.selectList.debug 159 -- ==> Parameters: admin(String)
2018-12-05 20:16:33.837 [qtp1253785665-18] [DEBUG] c.v.mapper.SysUserMapper.selectList.debug 159 -- <==      Total: 1
2018-12-05 20:16:46.613 [qtp1253785665-38] [DEBUG] c.v.mapper.SysUserMapper.selectList.debug 159 -- ==>  Preparing: SELECT id,userName,`password`,userState,createTime,userDesc,userImg,deptId FROM sys_user WHERE (userName = ?) 
2018-12-05 20:16:46.614 [qtp1253785665-38] [DEBUG] c.v.mapper.SysUserMapper.selectList.debug 159 -- ==> Parameters: admin(String)
2018-12-05 20:16:46.616 [qtp1253785665-38] [DEBUG] c.v.mapper.SysUserMapper.selectList.debug 159 -- <==      Total: 1
2018-12-05 20:16:56.436 [qtp1253785665-39] [DEBUG] c.v.mapper.SysUserMapper.selectList.debug 159 -- ==>  Preparing: SELECT id,userName,`password`,userState,createTime,userDesc,userImg,deptId FROM sys_user WHERE (userName = ?) 
2018-12-05 20:16:56.436 [qtp1253785665-39] [DEBUG] c.v.mapper.SysUserMapper.selectList.debug 159 -- ==> Parameters: admin(String)
2018-12-05 20:16:56.437 [qtp1253785665-39] [DEBUG] c.v.mapper.SysUserMapper.selectList.debug 159 -- <==      Total: 1
2018-12-05 20:16:56.551 [qtp1253785665-39] [DEBUG] c.v.mapper.SysLogMapper.insert.debug 159 -- ==>  Preparing: INSERT INTO sys_log ( id, userName, title, url, params, createTime ) VALUES ( ?, ?, ?, ?, ?, ? ) 
2018-12-05 20:16:56.552 [qtp1253785665-39] [DEBUG] c.v.mapper.SysLogMapper.insert.debug 159 -- ==> Parameters: 89d99bc150c2417e95309f721ec9aa86(String), admin(String), 用户登录成功(String), /login/doLogin(String), (String), 2018-12-05 20:16:56.443(Timestamp)
2018-12-05 20:16:56.554 [qtp1253785665-39] [DEBUG] c.v.mapper.SysLogMapper.insert.debug 159 -- <==    Updates: 1
2018-12-05 20:16:56.617 [qtp1253785665-37] [DEBUG] c.v.m.S.selectRoleMenuIdsByUserId.debug 159 -- ==>  Preparing: SELECT DISTINCT rm.menuId FROM `sys_user_role` ur INNER JOIN `sys_role` r ON r.`id` = ur.`roleId` INNER JOIN `sys_role_menu` rm ON rm.`roleId` = ur.`roleId` WHERE ur.`userId` = ? AND r.`roleState` = 1 
2018-12-05 20:16:56.617 [qtp1253785665-37] [DEBUG] c.v.m.S.selectRoleMenuIdsByUserId.debug 159 -- ==> Parameters: c79ba431f9f74dfbae585b87b0cde933(String)
2018-12-05 20:16:56.621 [qtp1253785665-37] [DEBUG] c.v.m.S.selectRoleMenuIdsByUserId.debug 159 -- <==      Total: 33
2018-12-05 20:16:56.624 [qtp1253785665-37] [DEBUG] c.v.mapper.SysMenuMapper.selectList.debug 159 -- ==>  Preparing: SELECT id,menuName,pid,url,icon,sort,deep,code,`resource` FROM sys_menu WHERE (pid = ? AND id IN (?,?,?,?,?,?,?,?,?,?,?,?,?,?,?,?,?,?,?,?,?,?,?,?,?,?,?,?,?,?,?,?,?)) ORDER BY sort ASC 
2018-12-05 20:16:56.626 [qtp1253785665-37] [DEBUG] c.v.mapper.SysMenuMapper.selectList.debug 159 -- ==> Parameters: 0(String), d2bc30feb5474a1bb7e02d48d39a3f8a(String), 4253190001c1480fb0d631d64d150535(String), 1db9105008404a3485b6fac30dba3c0e(String), 649b484b58414d91aefa5a26143e6557(String), 0c9b5fc8b44b41d1871a8fc8300247ec(String), f5a20c82110b4a3ea9e30ca01a038680(String), a73802e513cc4465883530ec8074abbb(String), 4e816a9854714d24b0413d929d637a2b(String), 49fdfa0708e041b29d8b3070daae0e2d(String), 3f26102ef0e04c3c9328cb97067cc5fa(String), 22e38e885f9b40b9aae6a36deb78e89c(String), a5ebf29168234406939856bc6890c86b(String), 10(String), bb5be9a04d73460a9bee61083d8213f7(String), 3fb6a7a5935b4efabf3de82e7e1baeb6(String), 42dd5ae31e3a43b3a197440e8ec19a94(String), 79d78b8357174cac8f44abd275dec597(String), 5d3dd56c16ff4e32aecae1b3228159c7(String), 363a778e78a346a68210b2590163a943(String), b4e7232189b14cf3ba160cf7b0d3bf37(String), 686630c7cb624cc786dcdc9958971a6b(String), 488ef1eff57b4827acade7c0744278ce(String), 60dda993d87647f5989c15f14f866df9(String), 915c309ebe5047b68645b3eb777dd8c9(String), 0818e1c76bbd44eba3a698547ec4e637(String), f899f3d3baec4571b1c786717f9906fd(String), 5(String), 4(String), 2(String), 3(String), dc54ebcbf4f045d9b35b899e9e24c4e4(String), 1(String), dc5f478d98ed4297a8ae638fe90df050(String)
2018-12-05 20:16:56.627 [qtp1253785665-37] [DEBUG] c.v.mapper.SysMenuMapper.selectList.debug 159 -- <==      Total: 1
2018-12-05 20:16:56.631 [qtp1253785665-37] [DEBUG] c.v.mapper.SysMenuMapper.selectList.debug 159 -- ==> Parameters: 1(String), d2bc30feb5474a1bb7e02d48d39a3f8a(String), 4253190001c1480fb0d631d64d150535(String), 1db9105008404a3485b6fac30dba3c0e(String), 649b484b58414d91aefa5a26143e6557(String), 0c9b5fc8b44b41d1871a8fc8300247ec(String), f5a20c82110b4a3ea9e30ca01a038680(String), a73802e513cc4465883530ec8074abbb(String), 4e816a9854714d24b0413d929d637a2b(String), 49fdfa0708e041b29d8b3070daae0e2d(String), 3f26102ef0e04c3c9328cb97067cc5fa(String), 22e38e885f9b40b9aae6a36deb78e89c(String), a5ebf29168234406939856bc6890c86b(String), 10(String), bb5be9a04d73460a9bee61083d8213f7(String), 3fb6a7a5935b4efabf3de82e7e1baeb6(String), 42dd5ae31e3a43b3a197440e8ec19a94(String), 79d78b8357174cac8f44abd275dec597(String), 5d3dd56c16ff4e32aecae1b3228159c7(String), 363a778e78a346a68210b2590163a943(String), b4e7232189b14cf3ba160cf7b0d3bf37(String), 686630c7cb624cc786dcdc9958971a6b(String), 488ef1eff57b4827acade7c0744278ce(String), 60dda993d87647f5989c15f14f866df9(String), 915c309ebe5047b68645b3eb777dd8c9(String), 0818e1c76bbd44eba3a698547ec4e637(String), f899f3d3baec4571b1c786717f9906fd(String), 5(String), 4(String), 2(String), 3(String), dc54ebcbf4f045d9b35b899e9e24c4e4(String), 1(String), dc5f478d98ed4297a8ae638fe90df050(String)
2018-12-05 20:16:56.634 [qtp1253785665-37] [DEBUG] c.v.mapper.SysMenuMapper.selectList.debug 159 -- <==      Total: 8
2018-12-05 20:16:59.741 [qtp1253785665-42] [DEBUG] c.v.mapper.RomeMapper.selectPage.debug 159 -- ==>  Preparing: SELECT COUNT(1) FROM ( SELECT id,`name`,`no`,`location`,campus,volume,facilities,detail FROM t_rome ) TOTAL 
2018-12-05 20:16:59.741 [qtp1253785665-42] [DEBUG] c.v.mapper.RomeMapper.selectPage.debug 159 -- ==> Parameters: 
2018-12-05 20:16:59.745 [qtp1253785665-42] [DEBUG] c.v.mapper.RomeMapper.selectPage.debug 159 -- ==>  Preparing: SELECT id,`name`,`no`,`location`,campus,volume,facilities,detail FROM t_rome LIMIT 0,10 
2018-12-05 20:16:59.746 [qtp1253785665-42] [DEBUG] c.v.mapper.RomeMapper.selectPage.debug 159 -- ==> Parameters: 
2018-12-05 20:16:59.748 [qtp1253785665-42] [DEBUG] c.v.mapper.RomeMapper.selectPage.debug 159 -- <==      Total: 4
2018-12-05 20:16:59.793 [qtp1253785665-42] [DEBUG] c.v.m.SysUserRoleMapper.selectList.debug 159 -- ==>  Preparing: SELECT Id,userId,roleId FROM sys_user_role WHERE (userId = ?) 
2018-12-05 20:16:59.794 [qtp1253785665-42] [DEBUG] c.v.m.SysUserRoleMapper.selectList.debug 159 -- ==> Parameters: c79ba431f9f74dfbae585b87b0cde933(String)
2018-12-05 20:16:59.795 [qtp1253785665-42] [DEBUG] c.v.m.SysUserRoleMapper.selectList.debug 159 -- <==      Total: 1
2018-12-05 20:16:59.798 [qtp1253785665-42] [DEBUG] c.v.m.S.selectResourceByUid.debug 159 -- ==>  Preparing: SELECT DISTINCT m.`resource` FROM sys_user_role ur LEFT JOIN sys_role_menu rm ON ur.`roleId` = rm.`roleId` LEFT JOIN sys_menu m ON m.`id` = rm.`menuId` WHERE ur.`userId` = ? AND m.`resource` IS NOT NULL AND m.`resource` != '' AND m.deep=3 
2018-12-05 20:16:59.798 [qtp1253785665-42] [DEBUG] c.v.m.S.selectResourceByUid.debug 159 -- ==> Parameters: c79ba431f9f74dfbae585b87b0cde933(String)
2018-12-05 20:16:59.800 [qtp1253785665-42] [DEBUG] c.v.m.S.selectResourceByUid.debug 159 -- <==      Total: 24
2018-12-05 20:17:01.870 [qtp1253785665-38] [DEBUG] c.v.mapper.DictMapper.selectList.debug 159 -- ==>  Preparing: SELECT id,`name`,`value`,typeValue,`desc` FROM t_dict WHERE (typeValue = ?) 
2018-12-05 20:17:01.871 [qtp1253785665-38] [DEBUG] c.v.mapper.DictMapper.selectList.debug 159 -- ==> Parameters: 0010(String)
2018-12-05 20:17:01.872 [qtp1253785665-38] [DEBUG] c.v.mapper.DictMapper.selectList.debug 159 -- <==      Total: 2
2018-12-05 20:18:08.481 [qtp1253785665-42] [DEBUG] c.v.m.SysSettingMapper.selectList.debug 159 -- ==>  Preparing: SELECT Id,sysKey,sysName,sysValue,sort,sysDesc FROM sys_setting ORDER BY sort ASC 
2018-12-05 20:18:08.481 [qtp1253785665-42] [DEBUG] c.v.m.SysSettingMapper.selectList.debug 159 -- ==> Parameters: 
2018-12-05 20:18:08.482 [qtp1253785665-42] [DEBUG] c.v.m.SysSettingMapper.selectList.debug 159 -- <==      Total: 3
2018-12-05 20:18:08.485 [qtp1253785665-42] [DEBUG] c.v.m.S.selectRoleMenuIdsByUserId.debug 159 -- ==>  Preparing: SELECT DISTINCT rm.menuId FROM `sys_user_role` ur INNER JOIN `sys_role` r ON r.`id` = ur.`roleId` INNER JOIN `sys_role_menu` rm ON rm.`roleId` = ur.`roleId` WHERE ur.`userId` = ? AND r.`roleState` = 1 
2018-12-05 20:18:08.485 [qtp1253785665-42] [DEBUG] c.v.m.S.selectRoleMenuIdsByUserId.debug 159 -- ==> Parameters: c79ba431f9f74dfbae585b87b0cde933(String)
2018-12-05 20:18:08.487 [qtp1253785665-42] [DEBUG] c.v.m.S.selectRoleMenuIdsByUserId.debug 159 -- <==      Total: 33
2018-12-05 20:18:08.489 [qtp1253785665-42] [DEBUG] c.v.mapper.SysMenuMapper.selectList.debug 159 -- ==>  Preparing: SELECT id,menuName,pid,url,icon,sort,deep,code,`resource` FROM sys_menu WHERE (pid = ? AND id IN (?,?,?,?,?,?,?,?,?,?,?,?,?,?,?,?,?,?,?,?,?,?,?,?,?,?,?,?,?,?,?,?,?)) ORDER BY sort ASC 
2018-12-05 20:18:08.490 [qtp1253785665-42] [DEBUG] c.v.mapper.SysMenuMapper.selectList.debug 159 -- ==> Parameters: 0(String), d2bc30feb5474a1bb7e02d48d39a3f8a(String), 4253190001c1480fb0d631d64d150535(String), 1db9105008404a3485b6fac30dba3c0e(String), 649b484b58414d91aefa5a26143e6557(String), 0c9b5fc8b44b41d1871a8fc8300247ec(String), f5a20c82110b4a3ea9e30ca01a038680(String), a73802e513cc4465883530ec8074abbb(String), 4e816a9854714d24b0413d929d637a2b(String), 49fdfa0708e041b29d8b3070daae0e2d(String), 3f26102ef0e04c3c9328cb97067cc5fa(String), 22e38e885f9b40b9aae6a36deb78e89c(String), a5ebf29168234406939856bc6890c86b(String), 10(String), bb5be9a04d73460a9bee61083d8213f7(String), 3fb6a7a5935b4efabf3de82e7e1baeb6(String), 42dd5ae31e3a43b3a197440e8ec19a94(String), 79d78b8357174cac8f44abd275dec597(String), 5d3dd56c16ff4e32aecae1b3228159c7(String), 363a778e78a346a68210b2590163a943(String), b4e7232189b14cf3ba160cf7b0d3bf37(String), 686630c7cb624cc786dcdc9958971a6b(String), 488ef1eff57b4827acade7c0744278ce(String), 60dda993d87647f5989c15f14f866df9(String), 915c309ebe5047b68645b3eb777dd8c9(String), 0818e1c76bbd44eba3a698547ec4e637(String), f899f3d3baec4571b1c786717f9906fd(String), 5(String), 4(String), 2(String), 3(String), dc54ebcbf4f045d9b35b899e9e24c4e4(String), 1(String), dc5f478d98ed4297a8ae638fe90df050(String)
2018-12-05 20:18:08.491 [qtp1253785665-42] [DEBUG] c.v.mapper.SysMenuMapper.selectList.debug 159 -- <==      Total: 1
2018-12-05 20:18:08.495 [qtp1253785665-42] [DEBUG] c.v.mapper.SysMenuMapper.selectList.debug 159 -- ==> Parameters: 1(String), d2bc30feb5474a1bb7e02d48d39a3f8a(String), 4253190001c1480fb0d631d64d150535(String), 1db9105008404a3485b6fac30dba3c0e(String), 649b484b58414d91aefa5a26143e6557(String), 0c9b5fc8b44b41d1871a8fc8300247ec(String), f5a20c82110b4a3ea9e30ca01a038680(String), a73802e513cc4465883530ec8074abbb(String), 4e816a9854714d24b0413d929d637a2b(String), 49fdfa0708e041b29d8b3070daae0e2d(String), 3f26102ef0e04c3c9328cb97067cc5fa(String), 22e38e885f9b40b9aae6a36deb78e89c(String), a5ebf29168234406939856bc6890c86b(String), 10(String), bb5be9a04d73460a9bee61083d8213f7(String), 3fb6a7a5935b4efabf3de82e7e1baeb6(String), 42dd5ae31e3a43b3a197440e8ec19a94(String), 79d78b8357174cac8f44abd275dec597(String), 5d3dd56c16ff4e32aecae1b3228159c7(String), 363a778e78a346a68210b2590163a943(String), b4e7232189b14cf3ba160cf7b0d3bf37(String), 686630c7cb624cc786dcdc9958971a6b(String), 488ef1eff57b4827acade7c0744278ce(String), 60dda993d87647f5989c15f14f866df9(String), 915c309ebe5047b68645b3eb777dd8c9(String), 0818e1c76bbd44eba3a698547ec4e637(String), f899f3d3baec4571b1c786717f9906fd(String), 5(String), 4(String), 2(String), 3(String), dc54ebcbf4f045d9b35b899e9e24c4e4(String), 1(String), dc5f478d98ed4297a8ae638fe90df050(String)
2018-12-05 20:18:08.499 [qtp1253785665-42] [DEBUG] c.v.mapper.SysMenuMapper.selectList.debug 159 -- <==      Total: 8
2018-12-05 20:18:08.502 [qtp1253785665-42] [DEBUG] c.v.mapper.RomeMapper.selectPage.debug 159 -- ==>  Preparing: SELECT COUNT(1) FROM ( SELECT id,`name`,`no`,`location`,campus,volume,facilities,detail FROM t_rome ) TOTAL 
2018-12-05 20:18:08.503 [qtp1253785665-42] [DEBUG] c.v.mapper.RomeMapper.selectPage.debug 159 -- ==> Parameters: 
2018-12-05 20:18:08.505 [qtp1253785665-42] [DEBUG] c.v.mapper.RomeMapper.selectPage.debug 159 -- ==>  Preparing: SELECT id,`name`,`no`,`location`,campus,volume,facilities,detail FROM t_rome LIMIT 0,10 
2018-12-05 20:18:08.506 [qtp1253785665-42] [DEBUG] c.v.mapper.RomeMapper.selectPage.debug 159 -- ==> Parameters: 
2018-12-05 20:18:08.508 [qtp1253785665-42] [DEBUG] c.v.mapper.RomeMapper.selectPage.debug 159 -- <==      Total: 4
2018-12-05 20:18:10.120 [qtp1253785665-39] [DEBUG] c.v.mapper.DictMapper.selectList.debug 159 -- ==>  Preparing: SELECT id,`name`,`value`,typeValue,`desc` FROM t_dict WHERE (typeValue = ?) 
2018-12-05 20:18:10.121 [qtp1253785665-39] [DEBUG] c.v.mapper.DictMapper.selectList.debug 159 -- ==> Parameters: 0010(String)
2018-12-05 20:18:10.122 [qtp1253785665-39] [DEBUG] c.v.mapper.DictMapper.selectList.debug 159 -- <==      Total: 2
2018-12-05 20:18:40.152 [qtp1253785665-39] [DEBUG] c.v.mapper.DictMapper.selectList.debug 159 -- ==>  Preparing: SELECT id,`name`,`value`,typeValue,`desc` FROM t_dict WHERE (typeValue = ?) 
2018-12-05 20:18:40.152 [qtp1253785665-39] [DEBUG] c.v.mapper.DictMapper.selectList.debug 159 -- ==> Parameters: 0010(String)
2018-12-05 20:18:40.154 [qtp1253785665-39] [DEBUG] c.v.mapper.DictMapper.selectList.debug 159 -- <==      Total: 2
2018-12-05 20:22:17.148 [qtp1253785665-18] [DEBUG] c.v.m.SysSettingMapper.selectList.debug 159 -- ==>  Preparing: SELECT Id,sysKey,sysName,sysValue,sort,sysDesc FROM sys_setting ORDER BY sort ASC 
2018-12-05 20:22:17.148 [qtp1253785665-18] [DEBUG] c.v.m.SysSettingMapper.selectList.debug 159 -- ==> Parameters: 
2018-12-05 20:22:17.150 [qtp1253785665-18] [DEBUG] c.v.m.SysSettingMapper.selectList.debug 159 -- <==      Total: 3
2018-12-05 20:22:17.153 [qtp1253785665-18] [DEBUG] c.v.m.S.selectRoleMenuIdsByUserId.debug 159 -- ==>  Preparing: SELECT DISTINCT rm.menuId FROM `sys_user_role` ur INNER JOIN `sys_role` r ON r.`id` = ur.`roleId` INNER JOIN `sys_role_menu` rm ON rm.`roleId` = ur.`roleId` WHERE ur.`userId` = ? AND r.`roleState` = 1 
2018-12-05 20:22:17.153 [qtp1253785665-18] [DEBUG] c.v.m.S.selectRoleMenuIdsByUserId.debug 159 -- ==> Parameters: c79ba431f9f74dfbae585b87b0cde933(String)
2018-12-05 20:22:17.155 [qtp1253785665-18] [DEBUG] c.v.m.S.selectRoleMenuIdsByUserId.debug 159 -- <==      Total: 33
2018-12-05 20:22:17.157 [qtp1253785665-18] [DEBUG] c.v.mapper.SysMenuMapper.selectList.debug 159 -- ==>  Preparing: SELECT id,menuName,pid,url,icon,sort,deep,code,`resource` FROM sys_menu WHERE (pid = ? AND id IN (?,?,?,?,?,?,?,?,?,?,?,?,?,?,?,?,?,?,?,?,?,?,?,?,?,?,?,?,?,?,?,?,?)) ORDER BY sort ASC 
2018-12-05 20:22:17.158 [qtp1253785665-18] [DEBUG] c.v.mapper.SysMenuMapper.selectList.debug 159 -- ==> Parameters: 0(String), d2bc30feb5474a1bb7e02d48d39a3f8a(String), 4253190001c1480fb0d631d64d150535(String), 1db9105008404a3485b6fac30dba3c0e(String), 649b484b58414d91aefa5a26143e6557(String), 0c9b5fc8b44b41d1871a8fc8300247ec(String), f5a20c82110b4a3ea9e30ca01a038680(String), a73802e513cc4465883530ec8074abbb(String), 4e816a9854714d24b0413d929d637a2b(String), 49fdfa0708e041b29d8b3070daae0e2d(String), 3f26102ef0e04c3c9328cb97067cc5fa(String), 22e38e885f9b40b9aae6a36deb78e89c(String), a5ebf29168234406939856bc6890c86b(String), 10(String), bb5be9a04d73460a9bee61083d8213f7(String), 3fb6a7a5935b4efabf3de82e7e1baeb6(String), 42dd5ae31e3a43b3a197440e8ec19a94(String), 79d78b8357174cac8f44abd275dec597(String), 5d3dd56c16ff4e32aecae1b3228159c7(String), 363a778e78a346a68210b2590163a943(String), b4e7232189b14cf3ba160cf7b0d3bf37(String), 686630c7cb624cc786dcdc9958971a6b(String), 488ef1eff57b4827acade7c0744278ce(String), 60dda993d87647f5989c15f14f866df9(String), 915c309ebe5047b68645b3eb777dd8c9(String), 0818e1c76bbd44eba3a698547ec4e637(String), f899f3d3baec4571b1c786717f9906fd(String), 5(String), 4(String), 2(String), 3(String), dc54ebcbf4f045d9b35b899e9e24c4e4(String), 1(String), dc5f478d98ed4297a8ae638fe90df050(String)
2018-12-05 20:22:17.159 [qtp1253785665-18] [DEBUG] c.v.mapper.SysMenuMapper.selectList.debug 159 -- <==      Total: 1
2018-12-05 20:22:17.162 [qtp1253785665-18] [DEBUG] c.v.mapper.SysMenuMapper.selectList.debug 159 -- ==> Parameters: 1(String), d2bc30feb5474a1bb7e02d48d39a3f8a(String), 4253190001c1480fb0d631d64d150535(String), 1db9105008404a3485b6fac30dba3c0e(String), 649b484b58414d91aefa5a26143e6557(String), 0c9b5fc8b44b41d1871a8fc8300247ec(String), f5a20c82110b4a3ea9e30ca01a038680(String), a73802e513cc4465883530ec8074abbb(String), 4e816a9854714d24b0413d929d637a2b(String), 49fdfa0708e041b29d8b3070daae0e2d(String), 3f26102ef0e04c3c9328cb97067cc5fa(String), 22e38e885f9b40b9aae6a36deb78e89c(String), a5ebf29168234406939856bc6890c86b(String), 10(String), bb5be9a04d73460a9bee61083d8213f7(String), 3fb6a7a5935b4efabf3de82e7e1baeb6(String), 42dd5ae31e3a43b3a197440e8ec19a94(String), 79d78b8357174cac8f44abd275dec597(String), 5d3dd56c16ff4e32aecae1b3228159c7(String), 363a778e78a346a68210b2590163a943(String), b4e7232189b14cf3ba160cf7b0d3bf37(String), 686630c7cb624cc786dcdc9958971a6b(String), 488ef1eff57b4827acade7c0744278ce(String), 60dda993d87647f5989c15f14f866df9(String), 915c309ebe5047b68645b3eb777dd8c9(String), 0818e1c76bbd44eba3a698547ec4e637(String), f899f3d3baec4571b1c786717f9906fd(String), 5(String), 4(String), 2(String), 3(String), dc54ebcbf4f045d9b35b899e9e24c4e4(String), 1(String), dc5f478d98ed4297a8ae638fe90df050(String)
2018-12-05 20:22:17.164 [qtp1253785665-18] [DEBUG] c.v.mapper.SysMenuMapper.selectList.debug 159 -- <==      Total: 8
2018-12-05 20:22:17.166 [qtp1253785665-18] [DEBUG] c.v.mapper.RomeMapper.selectPage.debug 159 -- ==>  Preparing: SELECT COUNT(1) FROM ( SELECT id,`name`,`no`,`location`,campus,volume,facilities,detail FROM t_rome ) TOTAL 
2018-12-05 20:22:17.167 [qtp1253785665-18] [DEBUG] c.v.mapper.RomeMapper.selectPage.debug 159 -- ==> Parameters: 
2018-12-05 20:22:17.168 [qtp1253785665-18] [DEBUG] c.v.mapper.RomeMapper.selectPage.debug 159 -- ==>  Preparing: SELECT id,`name`,`no`,`location`,campus,volume,facilities,detail FROM t_rome LIMIT 0,10 
2018-12-05 20:22:17.169 [qtp1253785665-18] [DEBUG] c.v.mapper.RomeMapper.selectPage.debug 159 -- ==> Parameters: 
2018-12-05 20:22:17.170 [qtp1253785665-18] [DEBUG] c.v.mapper.RomeMapper.selectPage.debug 159 -- <==      Total: 4
2018-12-05 20:22:17.190 [qtp1253785665-18] [DEBUG] c.v.m.SysUserRoleMapper.selectList.debug 159 -- ==>  Preparing: SELECT Id,userId,roleId FROM sys_user_role WHERE (userId = ?) 
2018-12-05 20:22:17.191 [qtp1253785665-18] [DEBUG] c.v.m.SysUserRoleMapper.selectList.debug 159 -- ==> Parameters: c79ba431f9f74dfbae585b87b0cde933(String)
2018-12-05 20:22:17.191 [qtp1253785665-18] [DEBUG] c.v.m.SysUserRoleMapper.selectList.debug 159 -- <==      Total: 1
2018-12-05 20:22:17.194 [qtp1253785665-18] [DEBUG] c.v.m.S.selectResourceByUid.debug 159 -- ==>  Preparing: SELECT DISTINCT m.`resource` FROM sys_user_role ur LEFT JOIN sys_role_menu rm ON ur.`roleId` = rm.`roleId` LEFT JOIN sys_menu m ON m.`id` = rm.`menuId` WHERE ur.`userId` = ? AND m.`resource` IS NOT NULL AND m.`resource` != '' AND m.deep=3 
2018-12-05 20:22:17.194 [qtp1253785665-18] [DEBUG] c.v.m.S.selectResourceByUid.debug 159 -- ==> Parameters: c79ba431f9f74dfbae585b87b0cde933(String)
2018-12-05 20:22:17.195 [qtp1253785665-18] [DEBUG] c.v.m.S.selectResourceByUid.debug 159 -- <==      Total: 24
2018-12-05 20:22:18.476 [qtp1253785665-38] [DEBUG] c.v.mapper.DictMapper.selectList.debug 159 -- ==>  Preparing: SELECT id,`name`,`value`,typeValue,`desc` FROM t_dict WHERE (typeValue = ?) 
2018-12-05 20:22:18.476 [qtp1253785665-38] [DEBUG] c.v.mapper.DictMapper.selectList.debug 159 -- ==> Parameters: 0010(String)
2018-12-05 20:22:18.477 [qtp1253785665-38] [DEBUG] c.v.mapper.DictMapper.selectList.debug 159 -- <==      Total: 2
2018-12-05 20:22:35.876 [qtp1253785665-44] [DEBUG] c.v.mapper.RomeMapper.selectPage.debug 159 -- ==>  Preparing: SELECT COUNT(1) FROM ( SELECT id,`name`,`no`,`location`,campus,volume,facilities,detail FROM t_rome ) TOTAL 
2018-12-05 20:22:35.876 [qtp1253785665-44] [DEBUG] c.v.mapper.RomeMapper.selectPage.debug 159 -- ==> Parameters: 
2018-12-05 20:22:35.877 [qtp1253785665-44] [DEBUG] c.v.mapper.RomeMapper.selectPage.debug 159 -- ==>  Preparing: SELECT id,`name`,`no`,`location`,campus,volume,facilities,detail FROM t_rome LIMIT 0,10 
2018-12-05 20:22:35.877 [qtp1253785665-44] [DEBUG] c.v.mapper.RomeMapper.selectPage.debug 159 -- ==> Parameters: 
2018-12-05 20:22:35.880 [qtp1253785665-44] [DEBUG] c.v.mapper.RomeMapper.selectPage.debug 159 -- <==      Total: 4
2018-12-05 20:22:37.509 [qtp1253785665-46] [DEBUG] c.v.mapper.RomeMapper.selectPage.debug 159 -- ==>  Preparing: SELECT COUNT(1) FROM ( SELECT id,`name`,`no`,`location`,campus,volume,facilities,detail FROM t_rome ) TOTAL 
2018-12-05 20:22:37.509 [qtp1253785665-46] [DEBUG] c.v.mapper.RomeMapper.selectPage.debug 159 -- ==> Parameters: 
2018-12-05 20:22:37.510 [qtp1253785665-46] [DEBUG] c.v.mapper.RomeMapper.selectPage.debug 159 -- ==>  Preparing: SELECT id,`name`,`no`,`location`,campus,volume,facilities,detail FROM t_rome LIMIT 0,10 
2018-12-05 20:22:37.511 [qtp1253785665-46] [DEBUG] c.v.mapper.RomeMapper.selectPage.debug 159 -- ==> Parameters: 
2018-12-05 20:22:37.512 [qtp1253785665-46] [DEBUG] c.v.mapper.RomeMapper.selectPage.debug 159 -- <==      Total: 4
2018-12-05 20:22:53.208 [qtp1253785665-45] [DEBUG] c.v.mapper.SysUserMapper.selectList.debug 159 -- ==>  Preparing: SELECT id,userName,`password`,userState,createTime,userDesc,userImg,deptId FROM sys_user WHERE (userName = ?) 
2018-12-05 20:22:53.209 [qtp1253785665-45] [DEBUG] c.v.mapper.SysUserMapper.selectList.debug 159 -- ==> Parameters: admin(String)
2018-12-05 20:22:53.210 [qtp1253785665-45] [DEBUG] c.v.mapper.SysUserMapper.selectList.debug 159 -- <==      Total: 1
2018-12-05 20:22:53.215 [qtp1253785665-45] [DEBUG] c.v.mapper.SysLogMapper.insert.debug 159 -- ==>  Preparing: INSERT INTO sys_log ( id, userName, title, url, params, createTime ) VALUES ( ?, ?, ?, ?, ?, ? ) 
2018-12-05 20:22:53.216 [qtp1253785665-45] [DEBUG] c.v.mapper.SysLogMapper.insert.debug 159 -- ==> Parameters: 897b404c7a844805a8e1756e626147b6(String), admin(String), 用户登录成功(String), /login/doLogin(String), (String), 2018-12-05 20:22:53.213(Timestamp)
2018-12-05 20:22:53.217 [qtp1253785665-45] [DEBUG] c.v.mapper.SysLogMapper.insert.debug 159 -- <==    Updates: 1
2018-12-05 20:22:56.013 [qtp1253785665-49] [DEBUG] c.v.mapper.RomeMapper.selectPage.debug 159 -- ==>  Preparing: SELECT COUNT(1) FROM ( SELECT id,`name`,`no`,`location`,campus,volume,facilities,detail FROM t_rome ) TOTAL 
2018-12-05 20:22:56.013 [qtp1253785665-49] [DEBUG] c.v.mapper.RomeMapper.selectPage.debug 159 -- ==> Parameters: 
2018-12-05 20:22:56.015 [qtp1253785665-49] [DEBUG] c.v.mapper.RomeMapper.selectPage.debug 159 -- ==>  Preparing: SELECT id,`name`,`no`,`location`,campus,volume,facilities,detail FROM t_rome LIMIT 0,10 
2018-12-05 20:22:56.015 [qtp1253785665-49] [DEBUG] c.v.mapper.RomeMapper.selectPage.debug 159 -- ==> Parameters: 
2018-12-05 20:22:56.016 [qtp1253785665-49] [DEBUG] c.v.mapper.RomeMapper.selectPage.debug 159 -- <==      Total: 4
2018-12-05 20:22:56.033 [qtp1253785665-49] [DEBUG] c.v.m.SysUserRoleMapper.selectList.debug 159 -- ==>  Preparing: SELECT Id,userId,roleId FROM sys_user_role WHERE (userId = ?) 
2018-12-05 20:22:56.033 [qtp1253785665-49] [DEBUG] c.v.m.SysUserRoleMapper.selectList.debug 159 -- ==> Parameters: c79ba431f9f74dfbae585b87b0cde933(String)
2018-12-05 20:22:56.034 [qtp1253785665-49] [DEBUG] c.v.m.SysUserRoleMapper.selectList.debug 159 -- <==      Total: 1
2018-12-05 20:22:56.037 [qtp1253785665-49] [DEBUG] c.v.m.S.selectResourceByUid.debug 159 -- ==>  Preparing: SELECT DISTINCT m.`resource` FROM sys_user_role ur LEFT JOIN sys_role_menu rm ON ur.`roleId` = rm.`roleId` LEFT JOIN sys_menu m ON m.`id` = rm.`menuId` WHERE ur.`userId` = ? AND m.`resource` IS NOT NULL AND m.`resource` != '' AND m.deep=3 
2018-12-05 20:22:56.037 [qtp1253785665-49] [DEBUG] c.v.m.S.selectResourceByUid.debug 159 -- ==> Parameters: c79ba431f9f74dfbae585b87b0cde933(String)
2018-12-05 20:22:56.038 [qtp1253785665-49] [DEBUG] c.v.m.S.selectResourceByUid.debug 159 -- <==      Total: 24
2018-12-05 20:22:57.207 [qtp1253785665-44] [DEBUG] c.v.mapper.DictMapper.selectList.debug 159 -- ==>  Preparing: SELECT id,`name`,`value`,typeValue,`desc` FROM t_dict WHERE (typeValue = ?) 
2018-12-05 20:22:57.207 [qtp1253785665-44] [DEBUG] c.v.mapper.DictMapper.selectList.debug 159 -- ==> Parameters: 0010(String)
2018-12-05 20:22:57.209 [qtp1253785665-44] [DEBUG] c.v.mapper.DictMapper.selectList.debug 159 -- <==      Total: 2
2018-12-05 20:23:17.076 [qtp1253785665-48] [DEBUG] c.v.mapper.DictMapper.selectList.debug 159 -- ==>  Preparing: SELECT id,`name`,`value`,typeValue,`desc` FROM t_dict WHERE (typeValue = ?) 
2018-12-05 20:23:17.076 [qtp1253785665-48] [DEBUG] c.v.mapper.DictMapper.selectList.debug 159 -- ==> Parameters: 0010(String)
2018-12-05 20:23:17.078 [qtp1253785665-48] [DEBUG] c.v.mapper.DictMapper.selectList.debug 159 -- <==      Total: 2
2018-12-05 20:23:37.232 [qtp1253785665-49] [DEBUG] c.v.m.SysSettingMapper.selectList.debug 159 -- ==>  Preparing: SELECT Id,sysKey,sysName,sysValue,sort,sysDesc FROM sys_setting ORDER BY sort ASC 
2018-12-05 20:23:37.233 [qtp1253785665-49] [DEBUG] c.v.m.SysSettingMapper.selectList.debug 159 -- ==> Parameters: 
2018-12-05 20:23:37.234 [qtp1253785665-49] [DEBUG] c.v.m.SysSettingMapper.selectList.debug 159 -- <==      Total: 3
2018-12-05 20:23:37.236 [qtp1253785665-49] [DEBUG] c.v.m.S.selectRoleMenuIdsByUserId.debug 159 -- ==>  Preparing: SELECT DISTINCT rm.menuId FROM `sys_user_role` ur INNER JOIN `sys_role` r ON r.`id` = ur.`roleId` INNER JOIN `sys_role_menu` rm ON rm.`roleId` = ur.`roleId` WHERE ur.`userId` = ? AND r.`roleState` = 1 
2018-12-05 20:23:37.236 [qtp1253785665-49] [DEBUG] c.v.m.S.selectRoleMenuIdsByUserId.debug 159 -- ==> Parameters: c79ba431f9f74dfbae585b87b0cde933(String)
2018-12-05 20:23:37.238 [qtp1253785665-49] [DEBUG] c.v.m.S.selectRoleMenuIdsByUserId.debug 159 -- <==      Total: 33
2018-12-05 20:23:37.240 [qtp1253785665-49] [DEBUG] c.v.mapper.SysMenuMapper.selectList.debug 159 -- ==>  Preparing: SELECT id,menuName,pid,url,icon,sort,deep,code,`resource` FROM sys_menu WHERE (pid = ? AND id IN (?,?,?,?,?,?,?,?,?,?,?,?,?,?,?,?,?,?,?,?,?,?,?,?,?,?,?,?,?,?,?,?,?)) ORDER BY sort ASC 
2018-12-05 20:23:37.241 [qtp1253785665-49] [DEBUG] c.v.mapper.SysMenuMapper.selectList.debug 159 -- ==> Parameters: 0(String), d2bc30feb5474a1bb7e02d48d39a3f8a(String), 4253190001c1480fb0d631d64d150535(String), 1db9105008404a3485b6fac30dba3c0e(String), 649b484b58414d91aefa5a26143e6557(String), 0c9b5fc8b44b41d1871a8fc8300247ec(String), f5a20c82110b4a3ea9e30ca01a038680(String), a73802e513cc4465883530ec8074abbb(String), 4e816a9854714d24b0413d929d637a2b(String), 49fdfa0708e041b29d8b3070daae0e2d(String), 3f26102ef0e04c3c9328cb97067cc5fa(String), 22e38e885f9b40b9aae6a36deb78e89c(String), a5ebf29168234406939856bc6890c86b(String), 10(String), bb5be9a04d73460a9bee61083d8213f7(String), 3fb6a7a5935b4efabf3de82e7e1baeb6(String), 42dd5ae31e3a43b3a197440e8ec19a94(String), 79d78b8357174cac8f44abd275dec597(String), 5d3dd56c16ff4e32aecae1b3228159c7(String), 363a778e78a346a68210b2590163a943(String), b4e7232189b14cf3ba160cf7b0d3bf37(String), 686630c7cb624cc786dcdc9958971a6b(String), 488ef1eff57b4827acade7c0744278ce(String), 60dda993d87647f5989c15f14f866df9(String), 915c309ebe5047b68645b3eb777dd8c9(String), 0818e1c76bbd44eba3a698547ec4e637(String), f899f3d3baec4571b1c786717f9906fd(String), 5(String), 4(String), 2(String), 3(String), dc54ebcbf4f045d9b35b899e9e24c4e4(String), 1(String), dc5f478d98ed4297a8ae638fe90df050(String)
2018-12-05 20:23:37.242 [qtp1253785665-49] [DEBUG] c.v.mapper.SysMenuMapper.selectList.debug 159 -- <==      Total: 1
2018-12-05 20:23:37.244 [qtp1253785665-49] [DEBUG] c.v.mapper.SysMenuMapper.selectList.debug 159 -- ==> Parameters: 1(String), d2bc30feb5474a1bb7e02d48d39a3f8a(String), 4253190001c1480fb0d631d64d150535(String), 1db9105008404a3485b6fac30dba3c0e(String), 649b484b58414d91aefa5a26143e6557(String), 0c9b5fc8b44b41d1871a8fc8300247ec(String), f5a20c82110b4a3ea9e30ca01a038680(String), a73802e513cc4465883530ec8074abbb(String), 4e816a9854714d24b0413d929d637a2b(String), 49fdfa0708e041b29d8b3070daae0e2d(String), 3f26102ef0e04c3c9328cb97067cc5fa(String), 22e38e885f9b40b9aae6a36deb78e89c(String), a5ebf29168234406939856bc6890c86b(String), 10(String), bb5be9a04d73460a9bee61083d8213f7(String), 3fb6a7a5935b4efabf3de82e7e1baeb6(String), 42dd5ae31e3a43b3a197440e8ec19a94(String), 79d78b8357174cac8f44abd275dec597(String), 5d3dd56c16ff4e32aecae1b3228159c7(String), 363a778e78a346a68210b2590163a943(String), b4e7232189b14cf3ba160cf7b0d3bf37(String), 686630c7cb624cc786dcdc9958971a6b(String), 488ef1eff57b4827acade7c0744278ce(String), 60dda993d87647f5989c15f14f866df9(String), 915c309ebe5047b68645b3eb777dd8c9(String), 0818e1c76bbd44eba3a698547ec4e637(String), f899f3d3baec4571b1c786717f9906fd(String), 5(String), 4(String), 2(String), 3(String), dc54ebcbf4f045d9b35b899e9e24c4e4(String), 1(String), dc5f478d98ed4297a8ae638fe90df050(String)
2018-12-05 20:23:37.247 [qtp1253785665-49] [DEBUG] c.v.mapper.SysMenuMapper.selectList.debug 159 -- <==      Total: 8
2018-12-05 20:23:37.263 [qtp1253785665-49] [DEBUG] c.vacomall.mapper.RomeMapper.insert.debug 159 -- ==>  Preparing: INSERT INTO t_rome ( id, `name`, `no`, `location`, campus, volume, facilities, detail ) VALUES ( ?, ?, ?, ?, ?, ?, ?, ? ) 
2018-12-05 20:23:37.264 [qtp1253785665-49] [DEBUG] c.vacomall.mapper.RomeMapper.insert.debug 159 -- ==> Parameters: 365c1125501548399a4406081208ad45(String), 1212(String), 122(String), 212(String), 会峰校区(String), 111(Integer), 1212(String), (String)
2018-12-05 20:23:37.268 [qtp1253785665-49] [DEBUG] c.vacomall.mapper.RomeMapper.insert.debug 159 -- <==    Updates: 1
2018-12-05 20:23:37.309 [qtp1253785665-49] [DEBUG] c.v.mapper.SysLogMapper.insert.debug 159 -- ==>  Preparing: INSERT INTO sys_log ( id, userName, title, url, params, createTime ) VALUES ( ?, ?, ?, ?, ?, ? ) 
2018-12-05 20:23:37.310 [qtp1253785665-49] [DEBUG] c.v.mapper.SysLogMapper.insert.debug 159 -- ==> Parameters: fb592418b50843d580fc90329b33074c(String), admin(String), 录入会议室信息(String), /rome/doAdd(String), {"volume":["111"],"no":["122"],"campus":["会峰校区"],"name":["1212"],"location":["212"],"detail":[""],"facilities":["1212"]}(String), 2018-12-05 20:23:37.271(Timestamp)
2018-12-05 20:23:37.312 [qtp1253785665-49] [DEBUG] c.v.mapper.SysLogMapper.insert.debug 159 -- <==    Updates: 1
2018-12-05 20:23:37.352 [qtp1253785665-47] [DEBUG] c.v.mapper.RomeMapper.selectPage.debug 159 -- ==>  Preparing: SELECT COUNT(1) FROM ( SELECT id,`name`,`no`,`location`,campus,volume,facilities,detail FROM t_rome ) TOTAL 
2018-12-05 20:23:37.352 [qtp1253785665-47] [DEBUG] c.v.mapper.RomeMapper.selectPage.debug 159 -- ==> Parameters: 
2018-12-05 20:23:37.354 [qtp1253785665-47] [DEBUG] c.v.mapper.RomeMapper.selectPage.debug 159 -- ==>  Preparing: SELECT id,`name`,`no`,`location`,campus,volume,facilities,detail FROM t_rome LIMIT 0,10 
2018-12-05 20:23:37.354 [qtp1253785665-47] [DEBUG] c.v.mapper.RomeMapper.selectPage.debug 159 -- ==> Parameters: 
2018-12-05 20:23:37.356 [qtp1253785665-47] [DEBUG] c.v.mapper.RomeMapper.selectPage.debug 159 -- <==      Total: 5
2018-12-05 20:24:08.967 [qtp1253785665-18] [DEBUG] c.v.mapper.RomeMapper.selectPage.debug 159 -- ==>  Preparing: SELECT COUNT(1) FROM ( SELECT id,`name`,`no`,`location`,campus,volume,facilities,detail FROM t_rome ) TOTAL 
2018-12-05 20:24:08.967 [qtp1253785665-18] [DEBUG] c.v.mapper.RomeMapper.selectPage.debug 159 -- ==> Parameters: 
2018-12-05 20:24:08.969 [qtp1253785665-18] [DEBUG] c.v.mapper.RomeMapper.selectPage.debug 159 -- ==>  Preparing: SELECT id,`name`,`no`,`location`,campus,volume,facilities,detail FROM t_rome LIMIT 0,10 
2018-12-05 20:24:08.969 [qtp1253785665-18] [DEBUG] c.v.mapper.RomeMapper.selectPage.debug 159 -- ==> Parameters: 
2018-12-05 20:24:08.970 [qtp1253785665-18] [DEBUG] c.v.mapper.RomeMapper.selectPage.debug 159 -- <==      Total: 4
2018-12-05 20:24:11.491 [qtp1253785665-44] [DEBUG] c.v.mapper.DictMapper.selectList.debug 159 -- ==>  Preparing: SELECT id,`name`,`value`,typeValue,`desc` FROM t_dict WHERE (typeValue = ?) 
2018-12-05 20:24:11.493 [qtp1253785665-44] [DEBUG] c.v.mapper.DictMapper.selectList.debug 159 -- ==> Parameters: 0010(String)
2018-12-05 20:24:11.494 [qtp1253785665-44] [DEBUG] c.v.mapper.DictMapper.selectList.debug 159 -- <==      Total: 2
2018-12-05 20:26:23.010 [qtp1253785665-48] [DEBUG] c.v.m.SysSettingMapper.selectList.debug 159 -- ==>  Preparing: SELECT Id,sysKey,sysName,sysValue,sort,sysDesc FROM sys_setting ORDER BY sort ASC 
2018-12-05 20:26:23.010 [qtp1253785665-48] [DEBUG] c.v.m.SysSettingMapper.selectList.debug 159 -- ==> Parameters: 
2018-12-05 20:26:23.011 [qtp1253785665-48] [DEBUG] c.v.m.SysSettingMapper.selectList.debug 159 -- <==      Total: 3
2018-12-05 20:26:23.015 [qtp1253785665-48] [DEBUG] c.v.m.S.selectRoleMenuIdsByUserId.debug 159 -- ==>  Preparing: SELECT DISTINCT rm.menuId FROM `sys_user_role` ur INNER JOIN `sys_role` r ON r.`id` = ur.`roleId` INNER JOIN `sys_role_menu` rm ON rm.`roleId` = ur.`roleId` WHERE ur.`userId` = ? AND r.`roleState` = 1 
2018-12-05 20:26:23.015 [qtp1253785665-48] [DEBUG] c.v.m.S.selectRoleMenuIdsByUserId.debug 159 -- ==> Parameters: c79ba431f9f74dfbae585b87b0cde933(String)
2018-12-05 20:26:23.016 [qtp1253785665-48] [DEBUG] c.v.m.S.selectRoleMenuIdsByUserId.debug 159 -- <==      Total: 33
2018-12-05 20:26:23.018 [qtp1253785665-48] [DEBUG] c.v.mapper.SysMenuMapper.selectList.debug 159 -- ==>  Preparing: SELECT id,menuName,pid,url,icon,sort,deep,code,`resource` FROM sys_menu WHERE (pid = ? AND id IN (?,?,?,?,?,?,?,?,?,?,?,?,?,?,?,?,?,?,?,?,?,?,?,?,?,?,?,?,?,?,?,?,?)) ORDER BY sort ASC 
2018-12-05 20:26:23.018 [qtp1253785665-48] [DEBUG] c.v.mapper.SysMenuMapper.selectList.debug 159 -- ==> Parameters: 0(String), d2bc30feb5474a1bb7e02d48d39a3f8a(String), 4253190001c1480fb0d631d64d150535(String), 1db9105008404a3485b6fac30dba3c0e(String), 649b484b58414d91aefa5a26143e6557(String), 0c9b5fc8b44b41d1871a8fc8300247ec(String), f5a20c82110b4a3ea9e30ca01a038680(String), a73802e513cc4465883530ec8074abbb(String), 4e816a9854714d24b0413d929d637a2b(String), 49fdfa0708e041b29d8b3070daae0e2d(String), 3f26102ef0e04c3c9328cb97067cc5fa(String), 22e38e885f9b40b9aae6a36deb78e89c(String), a5ebf29168234406939856bc6890c86b(String), 10(String), bb5be9a04d73460a9bee61083d8213f7(String), 3fb6a7a5935b4efabf3de82e7e1baeb6(String), 42dd5ae31e3a43b3a197440e8ec19a94(String), 79d78b8357174cac8f44abd275dec597(String), 5d3dd56c16ff4e32aecae1b3228159c7(String), 363a778e78a346a68210b2590163a943(String), b4e7232189b14cf3ba160cf7b0d3bf37(String), 686630c7cb624cc786dcdc9958971a6b(String), 488ef1eff57b4827acade7c0744278ce(String), 60dda993d87647f5989c15f14f866df9(String), 915c309ebe5047b68645b3eb777dd8c9(String), 0818e1c76bbd44eba3a698547ec4e637(String), f899f3d3baec4571b1c786717f9906fd(String), 5(String), 4(String), 2(String), 3(String), dc54ebcbf4f045d9b35b899e9e24c4e4(String), 1(String), dc5f478d98ed4297a8ae638fe90df050(String)
2018-12-05 20:26:23.019 [qtp1253785665-48] [DEBUG] c.v.mapper.SysMenuMapper.selectList.debug 159 -- <==      Total: 1
2018-12-05 20:26:23.022 [qtp1253785665-48] [DEBUG] c.v.mapper.SysMenuMapper.selectList.debug 159 -- ==> Parameters: 1(String), d2bc30feb5474a1bb7e02d48d39a3f8a(String), 4253190001c1480fb0d631d64d150535(String), 1db9105008404a3485b6fac30dba3c0e(String), 649b484b58414d91aefa5a26143e6557(String), 0c9b5fc8b44b41d1871a8fc8300247ec(String), f5a20c82110b4a3ea9e30ca01a038680(String), a73802e513cc4465883530ec8074abbb(String), 4e816a9854714d24b0413d929d637a2b(String), 49fdfa0708e041b29d8b3070daae0e2d(String), 3f26102ef0e04c3c9328cb97067cc5fa(String), 22e38e885f9b40b9aae6a36deb78e89c(String), a5ebf29168234406939856bc6890c86b(String), 10(String), bb5be9a04d73460a9bee61083d8213f7(String), 3fb6a7a5935b4efabf3de82e7e1baeb6(String), 42dd5ae31e3a43b3a197440e8ec19a94(String), 79d78b8357174cac8f44abd275dec597(String), 5d3dd56c16ff4e32aecae1b3228159c7(String), 363a778e78a346a68210b2590163a943(String), b4e7232189b14cf3ba160cf7b0d3bf37(String), 686630c7cb624cc786dcdc9958971a6b(String), 488ef1eff57b4827acade7c0744278ce(String), 60dda993d87647f5989c15f14f866df9(String), 915c309ebe5047b68645b3eb777dd8c9(String), 0818e1c76bbd44eba3a698547ec4e637(String), f899f3d3baec4571b1c786717f9906fd(String), 5(String), 4(String), 2(String), 3(String), dc54ebcbf4f045d9b35b899e9e24c4e4(String), 1(String), dc5f478d98ed4297a8ae638fe90df050(String)
2018-12-05 20:26:23.024 [qtp1253785665-48] [DEBUG] c.v.mapper.SysMenuMapper.selectList.debug 159 -- <==      Total: 8
2018-12-05 20:26:23.031 [qtp1253785665-48] [DEBUG] c.v.m.SysUserRoleMapper.selectList.debug 159 -- ==>  Preparing: SELECT Id,userId,roleId FROM sys_user_role WHERE (userId = ?) 
2018-12-05 20:26:23.031 [qtp1253785665-48] [DEBUG] c.v.m.SysUserRoleMapper.selectList.debug 159 -- ==> Parameters: c79ba431f9f74dfbae585b87b0cde933(String)
2018-12-05 20:26:23.032 [qtp1253785665-48] [DEBUG] c.v.m.SysUserRoleMapper.selectList.debug 159 -- <==      Total: 1
2018-12-05 20:26:23.034 [qtp1253785665-48] [DEBUG] c.v.m.S.selectResourceByUid.debug 159 -- ==>  Preparing: SELECT DISTINCT m.`resource` FROM sys_user_role ur LEFT JOIN sys_role_menu rm ON ur.`roleId` = rm.`roleId` LEFT JOIN sys_menu m ON m.`id` = rm.`menuId` WHERE ur.`userId` = ? AND m.`resource` IS NOT NULL AND m.`resource` != '' AND m.deep=3 
2018-12-05 20:26:23.035 [qtp1253785665-48] [DEBUG] c.v.m.S.selectResourceByUid.debug 159 -- ==> Parameters: c79ba431f9f74dfbae585b87b0cde933(String)
2018-12-05 20:26:23.036 [qtp1253785665-48] [DEBUG] c.v.m.S.selectResourceByUid.debug 159 -- <==      Total: 24
2018-12-05 20:26:23.047 [qtp1253785665-48] [DEBUG] c.v.mapper.SysMenuMapper.selectPage.debug 159 -- ==>  Preparing: SELECT COUNT(1) FROM ( SELECT id,menuName,pid,url,icon,sort,deep,code,`resource` FROM sys_menu ORDER BY code ASC ) TOTAL 
2018-12-05 20:26:23.048 [qtp1253785665-48] [DEBUG] c.v.mapper.SysMenuMapper.selectPage.debug 159 -- ==> Parameters: 
2018-12-05 20:26:23.049 [qtp1253785665-48] [DEBUG] c.v.mapper.SysMenuMapper.selectPage.debug 159 -- ==>  Preparing: SELECT id,menuName,pid,url,icon,sort,deep,code,`resource` FROM sys_menu ORDER BY code ASC LIMIT 0,15 
2018-12-05 20:26:23.049 [qtp1253785665-48] [DEBUG] c.v.mapper.SysMenuMapper.selectPage.debug 159 -- ==> Parameters: 
2018-12-05 20:26:23.051 [qtp1253785665-48] [DEBUG] c.v.mapper.SysMenuMapper.selectPage.debug 159 -- <==      Total: 15
2018-12-05 20:26:24.307 [qtp1253785665-44] [DEBUG] c.v.mapper.SysMenuMapper.selectList.debug 159 -- ==>  Preparing: SELECT id,menuName,pid,url,icon,sort,deep,code,`resource` FROM sys_menu WHERE (pid = ?) ORDER BY code ASC 
2018-12-05 20:26:24.307 [qtp1253785665-44] [DEBUG] c.v.mapper.SysMenuMapper.selectList.debug 159 -- ==> Parameters: 0(String)
2018-12-05 20:26:24.308 [qtp1253785665-44] [DEBUG] c.v.mapper.SysMenuMapper.selectList.debug 159 -- <==      Total: 1
2018-12-05 20:27:29.255 [qtp1253785665-48] [DEBUG] c.v.m.SysSettingMapper.selectList.debug 159 -- ==>  Preparing: SELECT Id,sysKey,sysName,sysValue,sort,sysDesc FROM sys_setting ORDER BY sort ASC 
2018-12-05 20:27:29.255 [qtp1253785665-48] [DEBUG] c.v.m.SysSettingMapper.selectList.debug 159 -- ==> Parameters: 
2018-12-05 20:27:29.257 [qtp1253785665-48] [DEBUG] c.v.m.SysSettingMapper.selectList.debug 159 -- <==      Total: 3
2018-12-05 20:27:29.260 [qtp1253785665-48] [DEBUG] c.v.m.S.selectRoleMenuIdsByUserId.debug 159 -- ==>  Preparing: SELECT DISTINCT rm.menuId FROM `sys_user_role` ur INNER JOIN `sys_role` r ON r.`id` = ur.`roleId` INNER JOIN `sys_role_menu` rm ON rm.`roleId` = ur.`roleId` WHERE ur.`userId` = ? AND r.`roleState` = 1 
2018-12-05 20:27:29.260 [qtp1253785665-48] [DEBUG] c.v.m.S.selectRoleMenuIdsByUserId.debug 159 -- ==> Parameters: c79ba431f9f74dfbae585b87b0cde933(String)
2018-12-05 20:27:29.261 [qtp1253785665-48] [DEBUG] c.v.m.S.selectRoleMenuIdsByUserId.debug 159 -- <==      Total: 33
2018-12-05 20:27:29.264 [qtp1253785665-48] [DEBUG] c.v.mapper.SysMenuMapper.selectList.debug 159 -- ==>  Preparing: SELECT id,menuName,pid,url,icon,sort,deep,code,`resource` FROM sys_menu WHERE (pid = ? AND id IN (?,?,?,?,?,?,?,?,?,?,?,?,?,?,?,?,?,?,?,?,?,?,?,?,?,?,?,?,?,?,?,?,?)) ORDER BY sort ASC 
2018-12-05 20:27:29.265 [qtp1253785665-48] [DEBUG] c.v.mapper.SysMenuMapper.selectList.debug 159 -- ==> Parameters: 0(String), d2bc30feb5474a1bb7e02d48d39a3f8a(String), 4253190001c1480fb0d631d64d150535(String), 1db9105008404a3485b6fac30dba3c0e(String), 649b484b58414d91aefa5a26143e6557(String), 0c9b5fc8b44b41d1871a8fc8300247ec(String), f5a20c82110b4a3ea9e30ca01a038680(String), a73802e513cc4465883530ec8074abbb(String), 4e816a9854714d24b0413d929d637a2b(String), 49fdfa0708e041b29d8b3070daae0e2d(String), 3f26102ef0e04c3c9328cb97067cc5fa(String), 22e38e885f9b40b9aae6a36deb78e89c(String), a5ebf29168234406939856bc6890c86b(String), 10(String), bb5be9a04d73460a9bee61083d8213f7(String), 3fb6a7a5935b4efabf3de82e7e1baeb6(String), 42dd5ae31e3a43b3a197440e8ec19a94(String), 79d78b8357174cac8f44abd275dec597(String), 5d3dd56c16ff4e32aecae1b3228159c7(String), 363a778e78a346a68210b2590163a943(String), b4e7232189b14cf3ba160cf7b0d3bf37(String), 686630c7cb624cc786dcdc9958971a6b(String), 488ef1eff57b4827acade7c0744278ce(String), 60dda993d87647f5989c15f14f866df9(String), 915c309ebe5047b68645b3eb777dd8c9(String), 0818e1c76bbd44eba3a698547ec4e637(String), f899f3d3baec4571b1c786717f9906fd(String), 5(String), 4(String), 2(String), 3(String), dc54ebcbf4f045d9b35b899e9e24c4e4(String), 1(String), dc5f478d98ed4297a8ae638fe90df050(String)
2018-12-05 20:27:29.266 [qtp1253785665-48] [DEBUG] c.v.mapper.SysMenuMapper.selectList.debug 159 -- <==      Total: 1
2018-12-05 20:27:29.268 [qtp1253785665-48] [DEBUG] c.v.mapper.SysMenuMapper.selectList.debug 159 -- ==> Parameters: 1(String), d2bc30feb5474a1bb7e02d48d39a3f8a(String), 4253190001c1480fb0d631d64d150535(String), 1db9105008404a3485b6fac30dba3c0e(String), 649b484b58414d91aefa5a26143e6557(String), 0c9b5fc8b44b41d1871a8fc8300247ec(String), f5a20c82110b4a3ea9e30ca01a038680(String), a73802e513cc4465883530ec8074abbb(String), 4e816a9854714d24b0413d929d637a2b(String), 49fdfa0708e041b29d8b3070daae0e2d(String), 3f26102ef0e04c3c9328cb97067cc5fa(String), 22e38e885f9b40b9aae6a36deb78e89c(String), a5ebf29168234406939856bc6890c86b(String), 10(String), bb5be9a04d73460a9bee61083d8213f7(String), 3fb6a7a5935b4efabf3de82e7e1baeb6(String), 42dd5ae31e3a43b3a197440e8ec19a94(String), 79d78b8357174cac8f44abd275dec597(String), 5d3dd56c16ff4e32aecae1b3228159c7(String), 363a778e78a346a68210b2590163a943(String), b4e7232189b14cf3ba160cf7b0d3bf37(String), 686630c7cb624cc786dcdc9958971a6b(String), 488ef1eff57b4827acade7c0744278ce(String), 60dda993d87647f5989c15f14f866df9(String), 915c309ebe5047b68645b3eb777dd8c9(String), 0818e1c76bbd44eba3a698547ec4e637(String), f899f3d3baec4571b1c786717f9906fd(String), 5(String), 4(String), 2(String), 3(String), dc54ebcbf4f045d9b35b899e9e24c4e4(String), 1(String), dc5f478d98ed4297a8ae638fe90df050(String)
2018-12-05 20:27:29.269 [qtp1253785665-48] [DEBUG] c.v.mapper.SysMenuMapper.selectList.debug 159 -- <==      Total: 8
2018-12-05 20:27:29.271 [qtp1253785665-48] [DEBUG] c.v.mapper.RomeMapper.selectPage.debug 159 -- ==>  Preparing: SELECT COUNT(1) FROM ( SELECT id,`name`,`no`,`location`,campus,volume,facilities,detail FROM t_rome ) TOTAL 
2018-12-05 20:27:29.272 [qtp1253785665-48] [DEBUG] c.v.mapper.RomeMapper.selectPage.debug 159 -- ==> Parameters: 
2018-12-05 20:27:29.273 [qtp1253785665-48] [DEBUG] c.v.mapper.RomeMapper.selectPage.debug 159 -- ==>  Preparing: SELECT id,`name`,`no`,`location`,campus,volume,facilities,detail FROM t_rome LIMIT 0,10 
2018-12-05 20:27:29.274 [qtp1253785665-48] [DEBUG] c.v.mapper.RomeMapper.selectPage.debug 159 -- ==> Parameters: 
2018-12-05 20:27:29.275 [qtp1253785665-48] [DEBUG] c.v.mapper.RomeMapper.selectPage.debug 159 -- <==      Total: 4
2018-12-05 20:27:30.298 [qtp1253785665-50] [DEBUG] c.v.mapper.DictMapper.selectList.debug 159 -- ==>  Preparing: SELECT id,`name`,`value`,typeValue,`desc` FROM t_dict WHERE (typeValue = ?) 
2018-12-05 20:27:30.299 [qtp1253785665-50] [DEBUG] c.v.mapper.DictMapper.selectList.debug 159 -- ==> Parameters: 0010(String)
2018-12-05 20:27:30.301 [qtp1253785665-50] [DEBUG] c.v.mapper.DictMapper.selectList.debug 159 -- <==      Total: 2
2018-12-05 20:28:18.880 [qtp1253785665-45] [DEBUG] c.v.mapper.DictMapper.selectList.debug 159 -- ==>  Preparing: SELECT id,`name`,`value`,typeValue,`desc` FROM t_dict WHERE (typeValue = ?) 
2018-12-05 20:28:18.880 [qtp1253785665-45] [DEBUG] c.v.mapper.DictMapper.selectList.debug 159 -- ==> Parameters: 0010(String)
2018-12-05 20:28:18.882 [qtp1253785665-45] [DEBUG] c.v.mapper.DictMapper.selectList.debug 159 -- <==      Total: 2
2018-12-05 21:05:10.848 [qtp135943858-23] [DEBUG] c.v.m.SysSettingMapper.selectList.debug 159 -- ==>  Preparing: SELECT Id,sysKey,sysName,sysValue,sort,sysDesc FROM sys_setting ORDER BY sort ASC 
2018-12-05 21:05:10.880 [qtp135943858-23] [DEBUG] c.v.m.SysSettingMapper.selectList.debug 159 -- ==> Parameters: 
2018-12-05 21:05:10.904 [qtp135943858-23] [DEBUG] c.v.m.SysSettingMapper.selectList.debug 159 -- <==      Total: 3
2018-12-05 21:05:10.961 [qtp135943858-23] [DEBUG] c.v.mapper.RomeMapper.selectPage.debug 159 -- ==>  Preparing: SELECT COUNT(1) FROM ( SELECT id,`name`,`no`,`location`,campus,volume,facilities,detail FROM t_rome ) TOTAL 
2018-12-05 21:05:10.963 [qtp135943858-23] [DEBUG] c.v.mapper.RomeMapper.selectPage.debug 159 -- ==> Parameters: 
2018-12-05 21:05:10.967 [qtp135943858-23] [DEBUG] c.v.mapper.RomeMapper.selectPage.debug 159 -- ==>  Preparing: SELECT id,`name`,`no`,`location`,campus,volume,facilities,detail FROM t_rome LIMIT 0,10 
2018-12-05 21:05:10.968 [qtp135943858-23] [DEBUG] c.v.mapper.RomeMapper.selectPage.debug 159 -- ==> Parameters: 
2018-12-05 21:05:10.971 [qtp135943858-23] [DEBUG] c.v.mapper.RomeMapper.selectPage.debug 159 -- <==      Total: 4
2018-12-05 21:05:27.868 [qtp135943858-24] [DEBUG] c.v.mapper.SysUserMapper.selectList.debug 159 -- ==>  Preparing: SELECT id,userName,`password`,userState,createTime,userDesc,userImg,deptId FROM sys_user WHERE (userName = ?) 
2018-12-05 21:05:27.870 [qtp135943858-24] [DEBUG] c.v.mapper.SysUserMapper.selectList.debug 159 -- ==> Parameters: admin(String)
2018-12-05 21:05:27.876 [qtp135943858-24] [DEBUG] c.v.mapper.SysUserMapper.selectList.debug 159 -- <==      Total: 1
2018-12-05 21:05:28.003 [qtp135943858-24] [DEBUG] c.v.mapper.SysLogMapper.insert.debug 159 -- ==>  Preparing: INSERT INTO sys_log ( id, userName, title, url, params, createTime ) VALUES ( ?, ?, ?, ?, ?, ? ) 
2018-12-05 21:05:28.005 [qtp135943858-24] [DEBUG] c.v.mapper.SysLogMapper.insert.debug 159 -- ==> Parameters: 2a89694e9f3c4c3b9514669daa2445ad(String), admin(String), 用户登录成功(String), /login/doLogin(String), (String), 2018-12-05 21:05:27.889(Timestamp)
2018-12-05 21:05:28.006 [qtp135943858-24] [DEBUG] c.v.mapper.SysLogMapper.insert.debug 159 -- <==    Updates: 1
2018-12-05 21:05:28.112 [qtp135943858-24] [DEBUG] c.v.m.S.selectRoleMenuIdsByUserId.debug 159 -- ==>  Preparing: SELECT DISTINCT rm.menuId FROM `sys_user_role` ur INNER JOIN `sys_role` r ON r.`id` = ur.`roleId` INNER JOIN `sys_role_menu` rm ON rm.`roleId` = ur.`roleId` WHERE ur.`userId` = ? AND r.`roleState` = 1 
2018-12-05 21:05:28.113 [qtp135943858-24] [DEBUG] c.v.m.S.selectRoleMenuIdsByUserId.debug 159 -- ==> Parameters: c79ba431f9f74dfbae585b87b0cde933(String)
2018-12-05 21:05:28.116 [qtp135943858-24] [DEBUG] c.v.m.S.selectRoleMenuIdsByUserId.debug 159 -- <==      Total: 33
2018-12-05 21:05:28.119 [qtp135943858-24] [DEBUG] c.v.mapper.SysMenuMapper.selectList.debug 159 -- ==>  Preparing: SELECT id,menuName,pid,url,icon,sort,deep,code,`resource` FROM sys_menu WHERE (pid = ? AND id IN (?,?,?,?,?,?,?,?,?,?,?,?,?,?,?,?,?,?,?,?,?,?,?,?,?,?,?,?,?,?,?,?,?)) ORDER BY sort ASC 
2018-12-05 21:05:28.121 [qtp135943858-24] [DEBUG] c.v.mapper.SysMenuMapper.selectList.debug 159 -- ==> Parameters: 0(String), d2bc30feb5474a1bb7e02d48d39a3f8a(String), 4253190001c1480fb0d631d64d150535(String), 1db9105008404a3485b6fac30dba3c0e(String), 649b484b58414d91aefa5a26143e6557(String), 0c9b5fc8b44b41d1871a8fc8300247ec(String), f5a20c82110b4a3ea9e30ca01a038680(String), a73802e513cc4465883530ec8074abbb(String), 4e816a9854714d24b0413d929d637a2b(String), 49fdfa0708e041b29d8b3070daae0e2d(String), 3f26102ef0e04c3c9328cb97067cc5fa(String), 22e38e885f9b40b9aae6a36deb78e89c(String), a5ebf29168234406939856bc6890c86b(String), 10(String), bb5be9a04d73460a9bee61083d8213f7(String), 3fb6a7a5935b4efabf3de82e7e1baeb6(String), 42dd5ae31e3a43b3a197440e8ec19a94(String), 79d78b8357174cac8f44abd275dec597(String), 5d3dd56c16ff4e32aecae1b3228159c7(String), 363a778e78a346a68210b2590163a943(String), b4e7232189b14cf3ba160cf7b0d3bf37(String), 686630c7cb624cc786dcdc9958971a6b(String), 488ef1eff57b4827acade7c0744278ce(String), 60dda993d87647f5989c15f14f866df9(String), 915c309ebe5047b68645b3eb777dd8c9(String), 0818e1c76bbd44eba3a698547ec4e637(String), f899f3d3baec4571b1c786717f9906fd(String), 5(String), 4(String), 2(String), 3(String), dc54ebcbf4f045d9b35b899e9e24c4e4(String), 1(String), dc5f478d98ed4297a8ae638fe90df050(String)
2018-12-05 21:05:28.123 [qtp135943858-24] [DEBUG] c.v.mapper.SysMenuMapper.selectList.debug 159 -- <==      Total: 1
2018-12-05 21:05:28.126 [qtp135943858-24] [DEBUG] c.v.mapper.SysMenuMapper.selectList.debug 159 -- ==> Parameters: 1(String), d2bc30feb5474a1bb7e02d48d39a3f8a(String), 4253190001c1480fb0d631d64d150535(String), 1db9105008404a3485b6fac30dba3c0e(String), 649b484b58414d91aefa5a26143e6557(String), 0c9b5fc8b44b41d1871a8fc8300247ec(String), f5a20c82110b4a3ea9e30ca01a038680(String), a73802e513cc4465883530ec8074abbb(String), 4e816a9854714d24b0413d929d637a2b(String), 49fdfa0708e041b29d8b3070daae0e2d(String), 3f26102ef0e04c3c9328cb97067cc5fa(String), 22e38e885f9b40b9aae6a36deb78e89c(String), a5ebf29168234406939856bc6890c86b(String), 10(String), bb5be9a04d73460a9bee61083d8213f7(String), 3fb6a7a5935b4efabf3de82e7e1baeb6(String), 42dd5ae31e3a43b3a197440e8ec19a94(String), 79d78b8357174cac8f44abd275dec597(String), 5d3dd56c16ff4e32aecae1b3228159c7(String), 363a778e78a346a68210b2590163a943(String), b4e7232189b14cf3ba160cf7b0d3bf37(String), 686630c7cb624cc786dcdc9958971a6b(String), 488ef1eff57b4827acade7c0744278ce(String), 60dda993d87647f5989c15f14f866df9(String), 915c309ebe5047b68645b3eb777dd8c9(String), 0818e1c76bbd44eba3a698547ec4e637(String), f899f3d3baec4571b1c786717f9906fd(String), 5(String), 4(String), 2(String), 3(String), dc54ebcbf4f045d9b35b899e9e24c4e4(String), 1(String), dc5f478d98ed4297a8ae638fe90df050(String)
2018-12-05 21:05:28.128 [qtp135943858-24] [DEBUG] c.v.mapper.SysMenuMapper.selectList.debug 159 -- <==      Total: 8
2018-12-05 21:05:30.947 [qtp135943858-38] [DEBUG] c.v.mapper.RomeMapper.selectPage.debug 159 -- ==>  Preparing: SELECT COUNT(1) FROM ( SELECT id,`name`,`no`,`location`,campus,volume,facilities,detail FROM t_rome ) TOTAL 
2018-12-05 21:05:30.948 [qtp135943858-38] [DEBUG] c.v.mapper.RomeMapper.selectPage.debug 159 -- ==> Parameters: 
2018-12-05 21:05:30.949 [qtp135943858-38] [DEBUG] c.v.mapper.RomeMapper.selectPage.debug 159 -- ==>  Preparing: SELECT id,`name`,`no`,`location`,campus,volume,facilities,detail FROM t_rome LIMIT 0,10 
2018-12-05 21:05:30.950 [qtp135943858-38] [DEBUG] c.v.mapper.RomeMapper.selectPage.debug 159 -- ==> Parameters: 
2018-12-05 21:05:30.951 [qtp135943858-38] [DEBUG] c.v.mapper.RomeMapper.selectPage.debug 159 -- <==      Total: 4
2018-12-05 21:05:30.974 [qtp135943858-38] [DEBUG] c.v.m.SysUserRoleMapper.selectList.debug 159 -- ==>  Preparing: SELECT Id,userId,roleId FROM sys_user_role WHERE (userId = ?) 
2018-12-05 21:05:30.974 [qtp135943858-38] [DEBUG] c.v.m.SysUserRoleMapper.selectList.debug 159 -- ==> Parameters: c79ba431f9f74dfbae585b87b0cde933(String)
2018-12-05 21:05:30.976 [qtp135943858-38] [DEBUG] c.v.m.SysUserRoleMapper.selectList.debug 159 -- <==      Total: 1
2018-12-05 21:05:30.979 [qtp135943858-38] [DEBUG] c.v.m.S.selectResourceByUid.debug 159 -- ==>  Preparing: SELECT DISTINCT m.`resource` FROM sys_user_role ur LEFT JOIN sys_role_menu rm ON ur.`roleId` = rm.`roleId` LEFT JOIN sys_menu m ON m.`id` = rm.`menuId` WHERE ur.`userId` = ? AND m.`resource` IS NOT NULL AND m.`resource` != '' AND m.deep=3 
2018-12-05 21:05:30.979 [qtp135943858-38] [DEBUG] c.v.m.S.selectResourceByUid.debug 159 -- ==> Parameters: c79ba431f9f74dfbae585b87b0cde933(String)
2018-12-05 21:05:30.981 [qtp135943858-38] [DEBUG] c.v.m.S.selectResourceByUid.debug 159 -- <==      Total: 24
2018-12-05 21:05:32.001 [qtp135943858-39] [DEBUG] c.v.mapper.DictMapper.selectList.debug 159 -- ==>  Preparing: SELECT id,`name`,`value`,typeValue,`desc` FROM t_dict WHERE (typeValue = ?) 
2018-12-05 21:05:32.002 [qtp135943858-39] [DEBUG] c.v.mapper.DictMapper.selectList.debug 159 -- ==> Parameters: 0010(String)
2018-12-05 21:05:32.003 [qtp135943858-39] [DEBUG] c.v.mapper.DictMapper.selectList.debug 159 -- <==      Total: 2
2018-12-05 21:06:10.461 [qtp135943858-38] [DEBUG] c.v.mapper.RomeMapper.selectCount.debug 159 -- ==>  Preparing: SELECT COUNT(1) FROM t_rome WHERE (no=?) 
2018-12-05 21:06:10.462 [qtp135943858-38] [DEBUG] c.v.mapper.RomeMapper.selectCount.debug 159 -- ==> Parameters: YF-4402(String)
2018-12-05 21:06:10.463 [qtp135943858-38] [DEBUG] c.v.mapper.RomeMapper.selectCount.debug 159 -- <==      Total: 1
2018-12-05 21:06:21.220 [qtp135943858-23] [DEBUG] c.v.m.SysSettingMapper.selectList.debug 159 -- ==>  Preparing: SELECT Id,sysKey,sysName,sysValue,sort,sysDesc FROM sys_setting ORDER BY sort ASC 
2018-12-05 21:06:21.220 [qtp135943858-23] [DEBUG] c.v.m.SysSettingMapper.selectList.debug 159 -- ==> Parameters: 
2018-12-05 21:06:21.222 [qtp135943858-23] [DEBUG] c.v.m.SysSettingMapper.selectList.debug 159 -- <==      Total: 3
2018-12-05 21:06:21.226 [qtp135943858-23] [DEBUG] c.v.mapper.DictMapper.selectList.debug 159 -- ==>  Preparing: SELECT id,`name`,`value`,typeValue,`desc` FROM t_dict WHERE (typeValue = ?) 
2018-12-05 21:06:21.227 [qtp135943858-23] [DEBUG] c.v.mapper.DictMapper.selectList.debug 159 -- ==> Parameters: 0010(String)
2018-12-05 21:06:21.228 [qtp135943858-23] [DEBUG] c.v.mapper.DictMapper.selectList.debug 159 -- <==      Total: 2
2018-12-05 21:06:38.857 [qtp135943858-39] [DEBUG] c.v.m.S.selectRoleMenuIdsByUserId.debug 159 -- ==>  Preparing: SELECT DISTINCT rm.menuId FROM `sys_user_role` ur INNER JOIN `sys_role` r ON r.`id` = ur.`roleId` INNER JOIN `sys_role_menu` rm ON rm.`roleId` = ur.`roleId` WHERE ur.`userId` = ? AND r.`roleState` = 1 
2018-12-05 21:06:38.858 [qtp135943858-39] [DEBUG] c.v.m.S.selectRoleMenuIdsByUserId.debug 159 -- ==> Parameters: c79ba431f9f74dfbae585b87b0cde933(String)
2018-12-05 21:06:38.860 [qtp135943858-39] [DEBUG] c.v.m.S.selectRoleMenuIdsByUserId.debug 159 -- <==      Total: 33
2018-12-05 21:06:38.863 [qtp135943858-39] [DEBUG] c.v.mapper.SysMenuMapper.selectList.debug 159 -- ==>  Preparing: SELECT id,menuName,pid,url,icon,sort,deep,code,`resource` FROM sys_menu WHERE (pid = ? AND id IN (?,?,?,?,?,?,?,?,?,?,?,?,?,?,?,?,?,?,?,?,?,?,?,?,?,?,?,?,?,?,?,?,?)) ORDER BY sort ASC 
2018-12-05 21:06:38.864 [qtp135943858-39] [DEBUG] c.v.mapper.SysMenuMapper.selectList.debug 159 -- ==> Parameters: 0(String), d2bc30feb5474a1bb7e02d48d39a3f8a(String), 4253190001c1480fb0d631d64d150535(String), 1db9105008404a3485b6fac30dba3c0e(String), 649b484b58414d91aefa5a26143e6557(String), 0c9b5fc8b44b41d1871a8fc8300247ec(String), f5a20c82110b4a3ea9e30ca01a038680(String), a73802e513cc4465883530ec8074abbb(String), 4e816a9854714d24b0413d929d637a2b(String), 49fdfa0708e041b29d8b3070daae0e2d(String), 3f26102ef0e04c3c9328cb97067cc5fa(String), 22e38e885f9b40b9aae6a36deb78e89c(String), a5ebf29168234406939856bc6890c86b(String), 10(String), bb5be9a04d73460a9bee61083d8213f7(String), 3fb6a7a5935b4efabf3de82e7e1baeb6(String), 42dd5ae31e3a43b3a197440e8ec19a94(String), 79d78b8357174cac8f44abd275dec597(String), 5d3dd56c16ff4e32aecae1b3228159c7(String), 363a778e78a346a68210b2590163a943(String), b4e7232189b14cf3ba160cf7b0d3bf37(String), 686630c7cb624cc786dcdc9958971a6b(String), 488ef1eff57b4827acade7c0744278ce(String), 60dda993d87647f5989c15f14f866df9(String), 915c309ebe5047b68645b3eb777dd8c9(String), 0818e1c76bbd44eba3a698547ec4e637(String), f899f3d3baec4571b1c786717f9906fd(String), 5(String), 4(String), 2(String), 3(String), dc54ebcbf4f045d9b35b899e9e24c4e4(String), 1(String), dc5f478d98ed4297a8ae638fe90df050(String)
2018-12-05 21:06:38.865 [qtp135943858-39] [DEBUG] c.v.mapper.SysMenuMapper.selectList.debug 159 -- <==      Total: 1
2018-12-05 21:06:38.869 [qtp135943858-39] [DEBUG] c.v.mapper.SysMenuMapper.selectList.debug 159 -- ==> Parameters: 1(String), d2bc30feb5474a1bb7e02d48d39a3f8a(String), 4253190001c1480fb0d631d64d150535(String), 1db9105008404a3485b6fac30dba3c0e(String), 649b484b58414d91aefa5a26143e6557(String), 0c9b5fc8b44b41d1871a8fc8300247ec(String), f5a20c82110b4a3ea9e30ca01a038680(String), a73802e513cc4465883530ec8074abbb(String), 4e816a9854714d24b0413d929d637a2b(String), 49fdfa0708e041b29d8b3070daae0e2d(String), 3f26102ef0e04c3c9328cb97067cc5fa(String), 22e38e885f9b40b9aae6a36deb78e89c(String), a5ebf29168234406939856bc6890c86b(String), 10(String), bb5be9a04d73460a9bee61083d8213f7(String), 3fb6a7a5935b4efabf3de82e7e1baeb6(String), 42dd5ae31e3a43b3a197440e8ec19a94(String), 79d78b8357174cac8f44abd275dec597(String), 5d3dd56c16ff4e32aecae1b3228159c7(String), 363a778e78a346a68210b2590163a943(String), b4e7232189b14cf3ba160cf7b0d3bf37(String), 686630c7cb624cc786dcdc9958971a6b(String), 488ef1eff57b4827acade7c0744278ce(String), 60dda993d87647f5989c15f14f866df9(String), 915c309ebe5047b68645b3eb777dd8c9(String), 0818e1c76bbd44eba3a698547ec4e637(String), f899f3d3baec4571b1c786717f9906fd(String), 5(String), 4(String), 2(String), 3(String), dc54ebcbf4f045d9b35b899e9e24c4e4(String), 1(String), dc5f478d98ed4297a8ae638fe90df050(String)
2018-12-05 21:06:38.873 [qtp135943858-39] [DEBUG] c.v.mapper.SysMenuMapper.selectList.debug 159 -- <==      Total: 8
2018-12-05 21:06:50.811 [qtp135943858-39] [DEBUG] c.v.mapper.RomeMapper.selectCount.debug 159 -- ==>  Preparing: SELECT COUNT(1) FROM t_rome WHERE (no=?) 
2018-12-05 21:06:50.814 [qtp135943858-39] [DEBUG] c.v.mapper.RomeMapper.selectCount.debug 159 -- ==> Parameters: YF-4402(String)
2018-12-05 21:06:50.817 [qtp135943858-39] [DEBUG] c.v.mapper.RomeMapper.selectCount.debug 159 -- <==      Total: 1
2018-12-05 21:14:42.469 [qtp135943858-39] [DEBUG] c.v.m.SysSettingMapper.selectList.debug 159 -- ==>  Preparing: SELECT Id,sysKey,sysName,sysValue,sort,sysDesc FROM sys_setting ORDER BY sort ASC 
2018-12-05 21:14:42.470 [qtp135943858-39] [DEBUG] c.v.m.SysSettingMapper.selectList.debug 159 -- ==> Parameters: 
2018-12-05 21:14:42.471 [qtp135943858-39] [DEBUG] c.v.m.SysSettingMapper.selectList.debug 159 -- <==      Total: 3
2018-12-05 21:14:42.475 [qtp135943858-39] [DEBUG] c.v.m.S.selectRoleMenuIdsByUserId.debug 159 -- ==>  Preparing: SELECT DISTINCT rm.menuId FROM `sys_user_role` ur INNER JOIN `sys_role` r ON r.`id` = ur.`roleId` INNER JOIN `sys_role_menu` rm ON rm.`roleId` = ur.`roleId` WHERE ur.`userId` = ? AND r.`roleState` = 1 
2018-12-05 21:14:42.476 [qtp135943858-39] [DEBUG] c.v.m.S.selectRoleMenuIdsByUserId.debug 159 -- ==> Parameters: c79ba431f9f74dfbae585b87b0cde933(String)
2018-12-05 21:14:42.478 [qtp135943858-39] [DEBUG] c.v.m.S.selectRoleMenuIdsByUserId.debug 159 -- <==      Total: 33
2018-12-05 21:14:42.480 [qtp135943858-39] [DEBUG] c.v.mapper.SysMenuMapper.selectList.debug 159 -- ==>  Preparing: SELECT id,menuName,pid,url,icon,sort,deep,code,`resource` FROM sys_menu WHERE (pid = ? AND id IN (?,?,?,?,?,?,?,?,?,?,?,?,?,?,?,?,?,?,?,?,?,?,?,?,?,?,?,?,?,?,?,?,?)) ORDER BY sort ASC 
2018-12-05 21:14:42.481 [qtp135943858-39] [DEBUG] c.v.mapper.SysMenuMapper.selectList.debug 159 -- ==> Parameters: 0(String), d2bc30feb5474a1bb7e02d48d39a3f8a(String), 4253190001c1480fb0d631d64d150535(String), 1db9105008404a3485b6fac30dba3c0e(String), 649b484b58414d91aefa5a26143e6557(String), 0c9b5fc8b44b41d1871a8fc8300247ec(String), f5a20c82110b4a3ea9e30ca01a038680(String), a73802e513cc4465883530ec8074abbb(String), 4e816a9854714d24b0413d929d637a2b(String), 49fdfa0708e041b29d8b3070daae0e2d(String), 3f26102ef0e04c3c9328cb97067cc5fa(String), 22e38e885f9b40b9aae6a36deb78e89c(String), a5ebf29168234406939856bc6890c86b(String), 10(String), bb5be9a04d73460a9bee61083d8213f7(String), 3fb6a7a5935b4efabf3de82e7e1baeb6(String), 42dd5ae31e3a43b3a197440e8ec19a94(String), 79d78b8357174cac8f44abd275dec597(String), 5d3dd56c16ff4e32aecae1b3228159c7(String), 363a778e78a346a68210b2590163a943(String), b4e7232189b14cf3ba160cf7b0d3bf37(String), 686630c7cb624cc786dcdc9958971a6b(String), 488ef1eff57b4827acade7c0744278ce(String), 60dda993d87647f5989c15f14f866df9(String), 915c309ebe5047b68645b3eb777dd8c9(String), 0818e1c76bbd44eba3a698547ec4e637(String), f899f3d3baec4571b1c786717f9906fd(String), 5(String), 4(String), 2(String), 3(String), dc54ebcbf4f045d9b35b899e9e24c4e4(String), 1(String), dc5f478d98ed4297a8ae638fe90df050(String)
2018-12-05 21:14:42.482 [qtp135943858-39] [DEBUG] c.v.mapper.SysMenuMapper.selectList.debug 159 -- <==      Total: 1
2018-12-05 21:14:42.484 [qtp135943858-39] [DEBUG] c.v.mapper.SysMenuMapper.selectList.debug 159 -- ==> Parameters: 1(String), d2bc30feb5474a1bb7e02d48d39a3f8a(String), 4253190001c1480fb0d631d64d150535(String), 1db9105008404a3485b6fac30dba3c0e(String), 649b484b58414d91aefa5a26143e6557(String), 0c9b5fc8b44b41d1871a8fc8300247ec(String), f5a20c82110b4a3ea9e30ca01a038680(String), a73802e513cc4465883530ec8074abbb(String), 4e816a9854714d24b0413d929d637a2b(String), 49fdfa0708e041b29d8b3070daae0e2d(String), 3f26102ef0e04c3c9328cb97067cc5fa(String), 22e38e885f9b40b9aae6a36deb78e89c(String), a5ebf29168234406939856bc6890c86b(String), 10(String), bb5be9a04d73460a9bee61083d8213f7(String), 3fb6a7a5935b4efabf3de82e7e1baeb6(String), 42dd5ae31e3a43b3a197440e8ec19a94(String), 79d78b8357174cac8f44abd275dec597(String), 5d3dd56c16ff4e32aecae1b3228159c7(String), 363a778e78a346a68210b2590163a943(String), b4e7232189b14cf3ba160cf7b0d3bf37(String), 686630c7cb624cc786dcdc9958971a6b(String), 488ef1eff57b4827acade7c0744278ce(String), 60dda993d87647f5989c15f14f866df9(String), 915c309ebe5047b68645b3eb777dd8c9(String), 0818e1c76bbd44eba3a698547ec4e637(String), f899f3d3baec4571b1c786717f9906fd(String), 5(String), 4(String), 2(String), 3(String), dc54ebcbf4f045d9b35b899e9e24c4e4(String), 1(String), dc5f478d98ed4297a8ae638fe90df050(String)
2018-12-05 21:14:42.487 [qtp135943858-39] [DEBUG] c.v.mapper.SysMenuMapper.selectList.debug 159 -- <==      Total: 8
2018-12-05 21:14:42.495 [qtp135943858-39] [DEBUG] c.v.m.SysUserRoleMapper.selectList.debug 159 -- ==>  Preparing: SELECT Id,userId,roleId FROM sys_user_role WHERE (userId = ?) 
2018-12-05 21:14:42.496 [qtp135943858-39] [DEBUG] c.v.m.SysUserRoleMapper.selectList.debug 159 -- ==> Parameters: c79ba431f9f74dfbae585b87b0cde933(String)
2018-12-05 21:14:42.497 [qtp135943858-39] [DEBUG] c.v.m.SysUserRoleMapper.selectList.debug 159 -- <==      Total: 1
2018-12-05 21:14:42.500 [qtp135943858-39] [DEBUG] c.v.m.S.selectResourceByUid.debug 159 -- ==>  Preparing: SELECT DISTINCT m.`resource` FROM sys_user_role ur LEFT JOIN sys_role_menu rm ON ur.`roleId` = rm.`roleId` LEFT JOIN sys_menu m ON m.`id` = rm.`menuId` WHERE ur.`userId` = ? AND m.`resource` IS NOT NULL AND m.`resource` != '' AND m.deep=3 
2018-12-05 21:14:42.500 [qtp135943858-39] [DEBUG] c.v.m.S.selectResourceByUid.debug 159 -- ==> Parameters: c79ba431f9f74dfbae585b87b0cde933(String)
2018-12-05 21:14:42.501 [qtp135943858-39] [DEBUG] c.v.m.S.selectResourceByUid.debug 159 -- <==      Total: 24
2018-12-05 21:14:42.504 [qtp135943858-39] [DEBUG] c.v.mapper.DictMapper.selectList.debug 159 -- ==>  Preparing: SELECT id,`name`,`value`,typeValue,`desc` FROM t_dict WHERE (typeValue = ?) 
2018-12-05 21:14:42.505 [qtp135943858-39] [DEBUG] c.v.mapper.DictMapper.selectList.debug 159 -- ==> Parameters: 0010(String)
2018-12-05 21:14:42.506 [qtp135943858-39] [DEBUG] c.v.mapper.DictMapper.selectList.debug 159 -- <==      Total: 2
2018-12-05 21:39:16.543 [qtp2022715982-24] [DEBUG] c.v.m.SysSettingMapper.selectList.debug 159 -- ==>  Preparing: SELECT Id,sysKey,sysName,sysValue,sort,sysDesc FROM sys_setting ORDER BY sort ASC 
2018-12-05 21:39:16.573 [qtp2022715982-24] [DEBUG] c.v.m.SysSettingMapper.selectList.debug 159 -- ==> Parameters: 
2018-12-05 21:39:16.594 [qtp2022715982-24] [DEBUG] c.v.m.SysSettingMapper.selectList.debug 159 -- <==      Total: 3
2018-12-05 21:39:16.656 [qtp2022715982-24] [DEBUG] c.v.mapper.RomeMapper.selectPage.debug 159 -- ==>  Preparing: SELECT COUNT(1) FROM ( SELECT id,`name`,`no`,`location`,campus,volume,facilities,detail FROM t_rome ) TOTAL 
2018-12-05 21:39:16.656 [qtp2022715982-24] [DEBUG] c.v.mapper.RomeMapper.selectPage.debug 159 -- ==> Parameters: 
2018-12-05 21:39:16.668 [qtp2022715982-24] [DEBUG] c.v.mapper.RomeMapper.selectPage.debug 159 -- ==>  Preparing: SELECT id,`name`,`no`,`location`,campus,volume,facilities,detail FROM t_rome LIMIT 0,10 
2018-12-05 21:39:16.669 [qtp2022715982-24] [DEBUG] c.v.mapper.RomeMapper.selectPage.debug 159 -- ==> Parameters: 
2018-12-05 21:39:16.672 [qtp2022715982-24] [DEBUG] c.v.mapper.RomeMapper.selectPage.debug 159 -- <==      Total: 4
2018-12-05 21:39:35.309 [qtp2022715982-42] [DEBUG] c.v.mapper.SysUserMapper.selectList.debug 159 -- ==>  Preparing: SELECT id,userName,`password`,userState,createTime,userDesc,userImg,deptId FROM sys_user WHERE (userName = ?) 
2018-12-05 21:39:35.311 [qtp2022715982-42] [DEBUG] c.v.mapper.SysUserMapper.selectList.debug 159 -- ==> Parameters: admin(String)
2018-12-05 21:39:35.318 [qtp2022715982-42] [DEBUG] c.v.mapper.SysUserMapper.selectList.debug 159 -- <==      Total: 1
2018-12-05 21:39:35.429 [qtp2022715982-42] [DEBUG] c.v.mapper.SysLogMapper.insert.debug 159 -- ==>  Preparing: INSERT INTO sys_log ( id, userName, title, url, params, createTime ) VALUES ( ?, ?, ?, ?, ?, ? ) 
2018-12-05 21:39:35.431 [qtp2022715982-42] [DEBUG] c.v.mapper.SysLogMapper.insert.debug 159 -- ==> Parameters: 13b0f222c370448580be7b81074a2733(String), admin(String), 用户登录成功(String), /login/doLogin(String), (String), 2018-12-05 21:39:35.33(Timestamp)
2018-12-05 21:39:35.432 [qtp2022715982-42] [DEBUG] c.v.mapper.SysLogMapper.insert.debug 159 -- <==    Updates: 1
2018-12-05 21:39:35.507 [qtp2022715982-42] [DEBUG] c.v.m.S.selectRoleMenuIdsByUserId.debug 159 -- ==>  Preparing: SELECT DISTINCT rm.menuId FROM `sys_user_role` ur INNER JOIN `sys_role` r ON r.`id` = ur.`roleId` INNER JOIN `sys_role_menu` rm ON rm.`roleId` = ur.`roleId` WHERE ur.`userId` = ? AND r.`roleState` = 1 
2018-12-05 21:39:35.507 [qtp2022715982-42] [DEBUG] c.v.m.S.selectRoleMenuIdsByUserId.debug 159 -- ==> Parameters: c79ba431f9f74dfbae585b87b0cde933(String)
2018-12-05 21:39:35.517 [qtp2022715982-42] [DEBUG] c.v.m.S.selectRoleMenuIdsByUserId.debug 159 -- <==      Total: 33
2018-12-05 21:39:35.521 [qtp2022715982-42] [DEBUG] c.v.mapper.SysMenuMapper.selectList.debug 159 -- ==>  Preparing: SELECT id,menuName,pid,url,icon,sort,deep,code,`resource` FROM sys_menu WHERE (pid = ? AND id IN (?,?,?,?,?,?,?,?,?,?,?,?,?,?,?,?,?,?,?,?,?,?,?,?,?,?,?,?,?,?,?,?,?)) ORDER BY sort ASC 
2018-12-05 21:39:35.524 [qtp2022715982-42] [DEBUG] c.v.mapper.SysMenuMapper.selectList.debug 159 -- ==> Parameters: 0(String), d2bc30feb5474a1bb7e02d48d39a3f8a(String), 4253190001c1480fb0d631d64d150535(String), 1db9105008404a3485b6fac30dba3c0e(String), 649b484b58414d91aefa5a26143e6557(String), 0c9b5fc8b44b41d1871a8fc8300247ec(String), f5a20c82110b4a3ea9e30ca01a038680(String), a73802e513cc4465883530ec8074abbb(String), 4e816a9854714d24b0413d929d637a2b(String), 49fdfa0708e041b29d8b3070daae0e2d(String), 3f26102ef0e04c3c9328cb97067cc5fa(String), 22e38e885f9b40b9aae6a36deb78e89c(String), a5ebf29168234406939856bc6890c86b(String), 10(String), bb5be9a04d73460a9bee61083d8213f7(String), 3fb6a7a5935b4efabf3de82e7e1baeb6(String), 42dd5ae31e3a43b3a197440e8ec19a94(String), 79d78b8357174cac8f44abd275dec597(String), 5d3dd56c16ff4e32aecae1b3228159c7(String), 363a778e78a346a68210b2590163a943(String), b4e7232189b14cf3ba160cf7b0d3bf37(String), 686630c7cb624cc786dcdc9958971a6b(String), 488ef1eff57b4827acade7c0744278ce(String), 60dda993d87647f5989c15f14f866df9(String), 915c309ebe5047b68645b3eb777dd8c9(String), 0818e1c76bbd44eba3a698547ec4e637(String), f899f3d3baec4571b1c786717f9906fd(String), 5(String), 4(String), 2(String), 3(String), dc54ebcbf4f045d9b35b899e9e24c4e4(String), 1(String), dc5f478d98ed4297a8ae638fe90df050(String)
2018-12-05 21:39:35.526 [qtp2022715982-42] [DEBUG] c.v.mapper.SysMenuMapper.selectList.debug 159 -- <==      Total: 1
2018-12-05 21:39:35.534 [qtp2022715982-42] [DEBUG] c.v.mapper.SysMenuMapper.selectList.debug 159 -- ==> Parameters: 1(String), d2bc30feb5474a1bb7e02d48d39a3f8a(String), 4253190001c1480fb0d631d64d150535(String), 1db9105008404a3485b6fac30dba3c0e(String), 649b484b58414d91aefa5a26143e6557(String), 0c9b5fc8b44b41d1871a8fc8300247ec(String), f5a20c82110b4a3ea9e30ca01a038680(String), a73802e513cc4465883530ec8074abbb(String), 4e816a9854714d24b0413d929d637a2b(String), 49fdfa0708e041b29d8b3070daae0e2d(String), 3f26102ef0e04c3c9328cb97067cc5fa(String), 22e38e885f9b40b9aae6a36deb78e89c(String), a5ebf29168234406939856bc6890c86b(String), 10(String), bb5be9a04d73460a9bee61083d8213f7(String), 3fb6a7a5935b4efabf3de82e7e1baeb6(String), 42dd5ae31e3a43b3a197440e8ec19a94(String), 79d78b8357174cac8f44abd275dec597(String), 5d3dd56c16ff4e32aecae1b3228159c7(String), 363a778e78a346a68210b2590163a943(String), b4e7232189b14cf3ba160cf7b0d3bf37(String), 686630c7cb624cc786dcdc9958971a6b(String), 488ef1eff57b4827acade7c0744278ce(String), 60dda993d87647f5989c15f14f866df9(String), 915c309ebe5047b68645b3eb777dd8c9(String), 0818e1c76bbd44eba3a698547ec4e637(String), f899f3d3baec4571b1c786717f9906fd(String), 5(String), 4(String), 2(String), 3(String), dc54ebcbf4f045d9b35b899e9e24c4e4(String), 1(String), dc5f478d98ed4297a8ae638fe90df050(String)
2018-12-05 21:39:35.537 [qtp2022715982-42] [DEBUG] c.v.mapper.SysMenuMapper.selectList.debug 159 -- <==      Total: 8
2018-12-05 21:39:39.667 [qtp2022715982-38] [DEBUG] c.v.mapper.RomeMapper.selectPage.debug 159 -- ==>  Preparing: SELECT COUNT(1) FROM ( SELECT id,`name`,`no`,`location`,campus,volume,facilities,detail FROM t_rome ) TOTAL 
2018-12-05 21:39:39.667 [qtp2022715982-38] [DEBUG] c.v.mapper.RomeMapper.selectPage.debug 159 -- ==> Parameters: 
2018-12-05 21:39:39.669 [qtp2022715982-38] [DEBUG] c.v.mapper.RomeMapper.selectPage.debug 159 -- ==>  Preparing: SELECT id,`name`,`no`,`location`,campus,volume,facilities,detail FROM t_rome LIMIT 0,10 
2018-12-05 21:39:39.669 [qtp2022715982-38] [DEBUG] c.v.mapper.RomeMapper.selectPage.debug 159 -- ==> Parameters: 
2018-12-05 21:39:39.671 [qtp2022715982-38] [DEBUG] c.v.mapper.RomeMapper.selectPage.debug 159 -- <==      Total: 4
2018-12-05 21:39:39.720 [qtp2022715982-38] [DEBUG] c.v.m.SysUserRoleMapper.selectList.debug 159 -- ==>  Preparing: SELECT Id,userId,roleId FROM sys_user_role WHERE (userId = ?) 
2018-12-05 21:39:39.721 [qtp2022715982-38] [DEBUG] c.v.m.SysUserRoleMapper.selectList.debug 159 -- ==> Parameters: c79ba431f9f74dfbae585b87b0cde933(String)
2018-12-05 21:39:39.722 [qtp2022715982-38] [DEBUG] c.v.m.SysUserRoleMapper.selectList.debug 159 -- <==      Total: 1
2018-12-05 21:39:39.725 [qtp2022715982-38] [DEBUG] c.v.m.S.selectResourceByUid.debug 159 -- ==>  Preparing: SELECT DISTINCT m.`resource` FROM sys_user_role ur LEFT JOIN sys_role_menu rm ON ur.`roleId` = rm.`roleId` LEFT JOIN sys_menu m ON m.`id` = rm.`menuId` WHERE ur.`userId` = ? AND m.`resource` IS NOT NULL AND m.`resource` != '' AND m.deep=3 
2018-12-05 21:39:39.725 [qtp2022715982-38] [DEBUG] c.v.m.S.selectResourceByUid.debug 159 -- ==> Parameters: c79ba431f9f74dfbae585b87b0cde933(String)
2018-12-05 21:39:39.727 [qtp2022715982-38] [DEBUG] c.v.m.S.selectResourceByUid.debug 159 -- <==      Total: 24
2018-12-05 21:39:41.002 [qtp2022715982-42] [DEBUG] c.v.mapper.DictMapper.selectList.debug 159 -- ==>  Preparing: SELECT id,`name`,`value`,typeValue,`desc` FROM t_dict WHERE (typeValue = ?) 
2018-12-05 21:39:41.003 [qtp2022715982-42] [DEBUG] c.v.mapper.DictMapper.selectList.debug 159 -- ==> Parameters: 0010(String)
2018-12-05 21:39:41.005 [qtp2022715982-42] [DEBUG] c.v.mapper.DictMapper.selectList.debug 159 -- <==      Total: 2
2018-12-05 21:40:02.545 [qtp2022715982-38] [DEBUG] c.v.mapper.RomeMapper.selectCount.debug 159 -- ==>  Preparing: SELECT COUNT(1) FROM t_rome WHERE (no=?) 
2018-12-05 21:40:02.545 [qtp2022715982-38] [DEBUG] c.v.mapper.RomeMapper.selectCount.debug 159 -- ==> Parameters: YF-4402(String)
2018-12-05 21:40:02.546 [qtp2022715982-38] [DEBUG] c.v.mapper.RomeMapper.selectCount.debug 159 -- <==      Total: 1
2018-12-05 21:43:57.348 [qtp2022715982-38] [DEBUG] c.v.m.SysSettingMapper.selectList.debug 159 -- ==>  Preparing: SELECT Id,sysKey,sysName,sysValue,sort,sysDesc FROM sys_setting ORDER BY sort ASC 
2018-12-05 21:43:57.349 [qtp2022715982-38] [DEBUG] c.v.m.SysSettingMapper.selectList.debug 159 -- ==> Parameters: 
2018-12-05 21:43:57.351 [qtp2022715982-38] [DEBUG] c.v.m.SysSettingMapper.selectList.debug 159 -- <==      Total: 3
2018-12-05 21:43:57.354 [qtp2022715982-38] [DEBUG] c.v.m.S.selectRoleMenuIdsByUserId.debug 159 -- ==>  Preparing: SELECT DISTINCT rm.menuId FROM `sys_user_role` ur INNER JOIN `sys_role` r ON r.`id` = ur.`roleId` INNER JOIN `sys_role_menu` rm ON rm.`roleId` = ur.`roleId` WHERE ur.`userId` = ? AND r.`roleState` = 1 
2018-12-05 21:43:57.354 [qtp2022715982-38] [DEBUG] c.v.m.S.selectRoleMenuIdsByUserId.debug 159 -- ==> Parameters: c79ba431f9f74dfbae585b87b0cde933(String)
2018-12-05 21:43:57.356 [qtp2022715982-38] [DEBUG] c.v.m.S.selectRoleMenuIdsByUserId.debug 159 -- <==      Total: 33
2018-12-05 21:43:57.359 [qtp2022715982-38] [DEBUG] c.v.mapper.SysMenuMapper.selectList.debug 159 -- ==>  Preparing: SELECT id,menuName,pid,url,icon,sort,deep,code,`resource` FROM sys_menu WHERE (pid = ? AND id IN (?,?,?,?,?,?,?,?,?,?,?,?,?,?,?,?,?,?,?,?,?,?,?,?,?,?,?,?,?,?,?,?,?)) ORDER BY sort ASC 
2018-12-05 21:43:57.361 [qtp2022715982-38] [DEBUG] c.v.mapper.SysMenuMapper.selectList.debug 159 -- ==> Parameters: 0(String), d2bc30feb5474a1bb7e02d48d39a3f8a(String), 4253190001c1480fb0d631d64d150535(String), 1db9105008404a3485b6fac30dba3c0e(String), 649b484b58414d91aefa5a26143e6557(String), 0c9b5fc8b44b41d1871a8fc8300247ec(String), f5a20c82110b4a3ea9e30ca01a038680(String), a73802e513cc4465883530ec8074abbb(String), 4e816a9854714d24b0413d929d637a2b(String), 49fdfa0708e041b29d8b3070daae0e2d(String), 3f26102ef0e04c3c9328cb97067cc5fa(String), 22e38e885f9b40b9aae6a36deb78e89c(String), a5ebf29168234406939856bc6890c86b(String), 10(String), bb5be9a04d73460a9bee61083d8213f7(String), 3fb6a7a5935b4efabf3de82e7e1baeb6(String), 42dd5ae31e3a43b3a197440e8ec19a94(String), 79d78b8357174cac8f44abd275dec597(String), 5d3dd56c16ff4e32aecae1b3228159c7(String), 363a778e78a346a68210b2590163a943(String), b4e7232189b14cf3ba160cf7b0d3bf37(String), 686630c7cb624cc786dcdc9958971a6b(String), 488ef1eff57b4827acade7c0744278ce(String), 60dda993d87647f5989c15f14f866df9(String), 915c309ebe5047b68645b3eb777dd8c9(String), 0818e1c76bbd44eba3a698547ec4e637(String), f899f3d3baec4571b1c786717f9906fd(String), 5(String), 4(String), 2(String), 3(String), dc54ebcbf4f045d9b35b899e9e24c4e4(String), 1(String), dc5f478d98ed4297a8ae638fe90df050(String)
2018-12-05 21:43:57.363 [qtp2022715982-38] [DEBUG] c.v.mapper.SysMenuMapper.selectList.debug 159 -- <==      Total: 1
2018-12-05 21:43:57.367 [qtp2022715982-38] [DEBUG] c.v.mapper.SysMenuMapper.selectList.debug 159 -- ==> Parameters: 1(String), d2bc30feb5474a1bb7e02d48d39a3f8a(String), 4253190001c1480fb0d631d64d150535(String), 1db9105008404a3485b6fac30dba3c0e(String), 649b484b58414d91aefa5a26143e6557(String), 0c9b5fc8b44b41d1871a8fc8300247ec(String), f5a20c82110b4a3ea9e30ca01a038680(String), a73802e513cc4465883530ec8074abbb(String), 4e816a9854714d24b0413d929d637a2b(String), 49fdfa0708e041b29d8b3070daae0e2d(String), 3f26102ef0e04c3c9328cb97067cc5fa(String), 22e38e885f9b40b9aae6a36deb78e89c(String), a5ebf29168234406939856bc6890c86b(String), 10(String), bb5be9a04d73460a9bee61083d8213f7(String), 3fb6a7a5935b4efabf3de82e7e1baeb6(String), 42dd5ae31e3a43b3a197440e8ec19a94(String), 79d78b8357174cac8f44abd275dec597(String), 5d3dd56c16ff4e32aecae1b3228159c7(String), 363a778e78a346a68210b2590163a943(String), b4e7232189b14cf3ba160cf7b0d3bf37(String), 686630c7cb624cc786dcdc9958971a6b(String), 488ef1eff57b4827acade7c0744278ce(String), 60dda993d87647f5989c15f14f866df9(String), 915c309ebe5047b68645b3eb777dd8c9(String), 0818e1c76bbd44eba3a698547ec4e637(String), f899f3d3baec4571b1c786717f9906fd(String), 5(String), 4(String), 2(String), 3(String), dc54ebcbf4f045d9b35b899e9e24c4e4(String), 1(String), dc5f478d98ed4297a8ae638fe90df050(String)
2018-12-05 21:43:57.371 [qtp2022715982-38] [DEBUG] c.v.mapper.SysMenuMapper.selectList.debug 159 -- <==      Total: 8
2018-12-05 21:43:57.375 [qtp2022715982-38] [DEBUG] c.v.m.SysUserRoleMapper.selectList.debug 159 -- ==>  Preparing: SELECT Id,userId,roleId FROM sys_user_role WHERE (userId = ?) 
2018-12-05 21:43:57.376 [qtp2022715982-38] [DEBUG] c.v.m.SysUserRoleMapper.selectList.debug 159 -- ==> Parameters: c79ba431f9f74dfbae585b87b0cde933(String)
2018-12-05 21:43:57.378 [qtp2022715982-38] [DEBUG] c.v.m.SysUserRoleMapper.selectList.debug 159 -- <==      Total: 1
2018-12-05 21:43:57.381 [qtp2022715982-38] [DEBUG] c.v.m.S.selectResourceByUid.debug 159 -- ==>  Preparing: SELECT DISTINCT m.`resource` FROM sys_user_role ur LEFT JOIN sys_role_menu rm ON ur.`roleId` = rm.`roleId` LEFT JOIN sys_menu m ON m.`id` = rm.`menuId` WHERE ur.`userId` = ? AND m.`resource` IS NOT NULL AND m.`resource` != '' AND m.deep=3 
2018-12-05 21:43:57.382 [qtp2022715982-38] [DEBUG] c.v.m.S.selectResourceByUid.debug 159 -- ==> Parameters: c79ba431f9f74dfbae585b87b0cde933(String)
2018-12-05 21:43:57.384 [qtp2022715982-38] [DEBUG] c.v.m.S.selectResourceByUid.debug 159 -- <==      Total: 24
2018-12-05 21:43:57.387 [qtp2022715982-38] [DEBUG] c.v.mapper.DictMapper.selectList.debug 159 -- ==>  Preparing: SELECT id,`name`,`value`,typeValue,`desc` FROM t_dict WHERE (typeValue = ?) 
2018-12-05 21:43:57.388 [qtp2022715982-38] [DEBUG] c.v.mapper.DictMapper.selectList.debug 159 -- ==> Parameters: 0010(String)
2018-12-05 21:43:57.389 [qtp2022715982-38] [DEBUG] c.v.mapper.DictMapper.selectList.debug 159 -- <==      Total: 2
2018-12-05 21:44:19.502 [qtp2022715982-38] [DEBUG] c.v.mapper.RomeMapper.selectCount.debug 159 -- ==>  Preparing: SELECT COUNT(1) FROM t_rome WHERE (no=?) 
2018-12-05 21:44:19.502 [qtp2022715982-38] [DEBUG] c.v.mapper.RomeMapper.selectCount.debug 159 -- ==> Parameters: YF-4304(String)
2018-12-05 21:44:19.503 [qtp2022715982-38] [DEBUG] c.v.mapper.RomeMapper.selectCount.debug 159 -- <==      Total: 1
2018-12-05 21:44:19.530 [qtp2022715982-45] [DEBUG] c.vacomall.mapper.RomeMapper.insert.debug 159 -- ==>  Preparing: INSERT INTO t_rome ( id, `name`, `no`, `location`, campus, volume, facilities, detail ) VALUES ( ?, ?, ?, ?, ?, ?, ?, ? ) 
2018-12-05 21:44:19.532 [qtp2022715982-45] [DEBUG] c.vacomall.mapper.RomeMapper.insert.debug 159 -- ==> Parameters: 2502f3afdf284243bf52aa8830ad5943(String), 测试(String), YF-4304(String), 212(String), 会峰校区(String), 111(Integer), 测试(String), (String)
2018-12-05 21:44:19.534 [qtp2022715982-45] [DEBUG] c.vacomall.mapper.RomeMapper.insert.debug 159 -- <==    Updates: 1
2018-12-05 21:44:19.582 [qtp2022715982-45] [DEBUG] c.v.mapper.SysLogMapper.insert.debug 159 -- ==>  Preparing: INSERT INTO sys_log ( id, userName, title, url, params, createTime ) VALUES ( ?, ?, ?, ?, ?, ? ) 
2018-12-05 21:44:19.583 [qtp2022715982-45] [DEBUG] c.v.mapper.SysLogMapper.insert.debug 159 -- ==> Parameters: e2a6da46f945463c86206eaf0de1064c(String), admin(String), 录入会议室信息(String), /rome/doAdd(String), {"volume":["111"],"no":["YF-4304"],"campus":["会峰校区"],"name":["测试"],"location":["212"],"detail":[""],"facilities":["测试"]}(String), 2018-12-05 21:44:19.538(Timestamp)
2018-12-05 21:44:19.587 [qtp2022715982-45] [DEBUG] c.v.mapper.SysLogMapper.insert.debug 159 -- <==    Updates: 1
2018-12-05 21:44:19.604 [qtp2022715982-44] [DEBUG] c.v.mapper.RomeMapper.selectPage.debug 159 -- ==>  Preparing: SELECT COUNT(1) FROM ( SELECT id,`name`,`no`,`location`,campus,volume,facilities,detail FROM t_rome ) TOTAL 
2018-12-05 21:44:19.604 [qtp2022715982-44] [DEBUG] c.v.mapper.RomeMapper.selectPage.debug 159 -- ==> Parameters: 
2018-12-05 21:44:19.606 [qtp2022715982-44] [DEBUG] c.v.mapper.RomeMapper.selectPage.debug 159 -- ==>  Preparing: SELECT id,`name`,`no`,`location`,campus,volume,facilities,detail FROM t_rome LIMIT 0,10 
2018-12-05 21:44:19.606 [qtp2022715982-44] [DEBUG] c.v.mapper.RomeMapper.selectPage.debug 159 -- ==> Parameters: 
2018-12-05 21:44:19.608 [qtp2022715982-44] [DEBUG] c.v.mapper.RomeMapper.selectPage.debug 159 -- <==      Total: 5
2018-12-05 22:04:03.895 [main] [DEBUG] c.v.m.DictTypeMapper.selectCount.debug 159 -- ==>  Preparing: SELECT COUNT(1) FROM t_dict_type WHERE (value = ?) 
2018-12-05 22:04:03.926 [main] [DEBUG] c.v.m.DictTypeMapper.selectCount.debug 159 -- ==> Parameters: 0010(String)
2018-12-05 22:04:03.950 [main] [DEBUG] c.v.m.DictTypeMapper.selectCount.debug 159 -- <==      Total: 1
