2018-12-12 20:45:28.413 [qtp289049029-23] [DEBUG] c.v.m.SysSettingMapper.selectList.debug 159 -- ==>  Preparing: SELECT Id,sysKey,sysName,sysValue,sort,sysDesc FROM sys_setting ORDER BY sort ASC 
2018-12-12 20:45:28.438 [qtp289049029-23] [DEBUG] c.v.m.SysSettingMapper.selectList.debug 159 -- ==> Parameters: 
2018-12-12 20:45:28.458 [qtp289049029-23] [DEBUG] c.v.m.SysSettingMapper.selectList.debug 159 -- <==      Total: 3
2018-12-12 20:45:41.701 [qtp289049029-38] [DEBUG] c.v.mapper.SysUserMapper.selectList.debug 159 -- ==>  Preparing: SELECT id,userName,`password`,userState,createTime,userDesc,userImg,deptId FROM sys_user WHERE (userName = ?) 
2018-12-12 20:45:41.703 [qtp289049029-38] [DEBUG] c.v.mapper.SysUserMapper.selectList.debug 159 -- ==> Parameters: admin(String)
2018-12-12 20:45:41.710 [qtp289049029-38] [DEBUG] c.v.mapper.SysUserMapper.selectList.debug 159 -- <==      Total: 1
2018-12-12 20:45:41.828 [qtp289049029-38] [DEBUG] c.v.mapper.SysLogMapper.insert.debug 159 -- ==>  Preparing: INSERT INTO sys_log ( id, userName, title, url, params, createTime ) VALUES ( ?, ?, ?, ?, ?, ? ) 
2018-12-12 20:45:41.829 [qtp289049029-38] [DEBUG] c.v.mapper.SysLogMapper.insert.debug 159 -- ==> Parameters: 882b5202ea514cb9a178fbb594891473(String), admin(String), 用户登录成功(String), /login/doLogin(String), (String), 2018-12-12 20:45:41.722(Timestamp)
2018-12-12 20:45:41.831 [qtp289049029-38] [DEBUG] c.v.mapper.SysLogMapper.insert.debug 159 -- <==    Updates: 1
2018-12-12 20:45:41.923 [qtp289049029-38] [DEBUG] c.v.m.S.selectRoleMenuIdsByUserId.debug 159 -- ==>  Preparing: SELECT DISTINCT rm.menuId FROM `sys_user_role` ur INNER JOIN `sys_role` r ON r.`id` = ur.`roleId` INNER JOIN `sys_role_menu` rm ON rm.`roleId` = ur.`roleId` WHERE ur.`userId` = ? AND r.`roleState` = 1 
2018-12-12 20:45:41.923 [qtp289049029-38] [DEBUG] c.v.m.S.selectRoleMenuIdsByUserId.debug 159 -- ==> Parameters: c79ba431f9f74dfbae585b87b0cde933(String)
2018-12-12 20:45:41.937 [qtp289049029-38] [DEBUG] c.v.m.S.selectRoleMenuIdsByUserId.debug 159 -- <==      Total: 40
2018-12-12 20:45:41.941 [qtp289049029-38] [DEBUG] c.v.mapper.SysMenuMapper.selectList.debug 159 -- ==>  Preparing: SELECT id,menuName,pid,url,icon,sort,deep,code,`resource` FROM sys_menu WHERE (pid = ? AND id IN (?,?,?,?,?,?,?,?,?,?,?,?,?,?,?,?,?,?,?,?,?,?,?,?,?,?,?,?,?,?,?,?,?,?,?,?,?,?,?,?)) ORDER BY sort ASC 
2018-12-12 20:45:41.943 [qtp289049029-38] [DEBUG] c.v.mapper.SysMenuMapper.selectList.debug 159 -- ==> Parameters: 0(String), 3fb6a7a5935b4efabf3de82e7e1baeb6(String), 363a778e78a346a68210b2590163a943(String), f899f3d3baec4571b1c786717f9906fd(String), 5cc0080ad86a4972b64c435976625112(String), dc5f478d98ed4297a8ae638fe90df050(String), dc54ebcbf4f045d9b35b899e9e24c4e4(String), 10(String), 79f9a79091a24309ad95f63ca74f09cd(String), 3(String), 4253190001c1480fb0d631d64d150535(String), f1a73240aa1d4b558bde2a988ce7ab7d(String), a73802e513cc4465883530ec8074abbb(String), b4e7232189b14cf3ba160cf7b0d3bf37(String), 686630c7cb624cc786dcdc9958971a6b(String), 18aae5842dfa40c1b339ddf8cf3a7f35(String), 49fdfa0708e041b29d8b3070daae0e2d(String), 5(String), bb5be9a04d73460a9bee61083d8213f7(String), a5ebf29168234406939856bc6890c86b(String), d2bc30feb5474a1bb7e02d48d39a3f8a(String), 3f26102ef0e04c3c9328cb97067cc5fa(String), 0c9b5fc8b44b41d1871a8fc8300247ec(String), 488ef1eff57b4827acade7c0744278ce(String), 5d3dd56c16ff4e32aecae1b3228159c7(String), 649b484b58414d91aefa5a26143e6557(String), 79d78b8357174cac8f44abd275dec597(String), 915c309ebe5047b68645b3eb777dd8c9(String), 4e816a9854714d24b0413d929d637a2b(String), 4(String), 42dd5ae31e3a43b3a197440e8ec19a94(String), dbdd793bd9d44d44aebb728c6fdc7c20(String), 0818e1c76bbd44eba3a698547ec4e637(String), 1db9105008404a3485b6fac30dba3c0e(String), 7f5067bba6b045098a6e23d80f46ce55(String), b94592e595f7476f845d1f1432830252(String), 2(String), 60dda993d87647f5989c15f14f866df9(String), f5a20c82110b4a3ea9e30ca01a038680(String), 22e38e885f9b40b9aae6a36deb78e89c(String), 1(String)
2018-12-12 20:45:41.945 [qtp289049029-38] [DEBUG] c.v.mapper.SysMenuMapper.selectList.debug 159 -- <==      Total: 1
2018-12-12 20:45:41.949 [qtp289049029-38] [DEBUG] c.v.mapper.SysMenuMapper.selectList.debug 159 -- ==> Parameters: 1(String), 3fb6a7a5935b4efabf3de82e7e1baeb6(String), 363a778e78a346a68210b2590163a943(String), f899f3d3baec4571b1c786717f9906fd(String), 5cc0080ad86a4972b64c435976625112(String), dc5f478d98ed4297a8ae638fe90df050(String), dc54ebcbf4f045d9b35b899e9e24c4e4(String), 10(String), 79f9a79091a24309ad95f63ca74f09cd(String), 3(String), 4253190001c1480fb0d631d64d150535(String), f1a73240aa1d4b558bde2a988ce7ab7d(String), a73802e513cc4465883530ec8074abbb(String), b4e7232189b14cf3ba160cf7b0d3bf37(String), 686630c7cb624cc786dcdc9958971a6b(String), 18aae5842dfa40c1b339ddf8cf3a7f35(String), 49fdfa0708e041b29d8b3070daae0e2d(String), 5(String), bb5be9a04d73460a9bee61083d8213f7(String), a5ebf29168234406939856bc6890c86b(String), d2bc30feb5474a1bb7e02d48d39a3f8a(String), 3f26102ef0e04c3c9328cb97067cc5fa(String), 0c9b5fc8b44b41d1871a8fc8300247ec(String), 488ef1eff57b4827acade7c0744278ce(String), 5d3dd56c16ff4e32aecae1b3228159c7(String), 649b484b58414d91aefa5a26143e6557(String), 79d78b8357174cac8f44abd275dec597(String), 915c309ebe5047b68645b3eb777dd8c9(String), 4e816a9854714d24b0413d929d637a2b(String), 4(String), 42dd5ae31e3a43b3a197440e8ec19a94(String), dbdd793bd9d44d44aebb728c6fdc7c20(String), 0818e1c76bbd44eba3a698547ec4e637(String), 1db9105008404a3485b6fac30dba3c0e(String), 7f5067bba6b045098a6e23d80f46ce55(String), b94592e595f7476f845d1f1432830252(String), 2(String), 60dda993d87647f5989c15f14f866df9(String), f5a20c82110b4a3ea9e30ca01a038680(String), 22e38e885f9b40b9aae6a36deb78e89c(String), 1(String)
2018-12-12 20:45:41.961 [qtp289049029-38] [DEBUG] c.v.mapper.SysMenuMapper.selectList.debug 159 -- <==      Total: 9
2018-12-12 20:53:15.460 [qtp289049029-37] [DEBUG] c.v.m.SysSettingMapper.selectList.debug 159 -- ==>  Preparing: SELECT Id,sysKey,sysName,sysValue,sort,sysDesc FROM sys_setting ORDER BY sort ASC 
2018-12-12 20:53:15.461 [qtp289049029-37] [DEBUG] c.v.m.SysSettingMapper.selectList.debug 159 -- ==> Parameters: 
2018-12-12 20:53:15.463 [qtp289049029-37] [DEBUG] c.v.m.SysSettingMapper.selectList.debug 159 -- <==      Total: 3
2018-12-12 20:53:15.465 [qtp289049029-37] [DEBUG] c.v.m.S.selectRoleMenuIdsByUserId.debug 159 -- ==>  Preparing: SELECT DISTINCT rm.menuId FROM `sys_user_role` ur INNER JOIN `sys_role` r ON r.`id` = ur.`roleId` INNER JOIN `sys_role_menu` rm ON rm.`roleId` = ur.`roleId` WHERE ur.`userId` = ? AND r.`roleState` = 1 
2018-12-12 20:53:15.466 [qtp289049029-37] [DEBUG] c.v.m.S.selectRoleMenuIdsByUserId.debug 159 -- ==> Parameters: c79ba431f9f74dfbae585b87b0cde933(String)
2018-12-12 20:53:15.468 [qtp289049029-37] [DEBUG] c.v.m.S.selectRoleMenuIdsByUserId.debug 159 -- <==      Total: 40
2018-12-12 20:53:15.470 [qtp289049029-37] [DEBUG] c.v.mapper.SysMenuMapper.selectList.debug 159 -- ==>  Preparing: SELECT id,menuName,pid,url,icon,sort,deep,code,`resource` FROM sys_menu WHERE (pid = ? AND id IN (?,?,?,?,?,?,?,?,?,?,?,?,?,?,?,?,?,?,?,?,?,?,?,?,?,?,?,?,?,?,?,?,?,?,?,?,?,?,?,?)) ORDER BY sort ASC 
2018-12-12 20:53:15.472 [qtp289049029-37] [DEBUG] c.v.mapper.SysMenuMapper.selectList.debug 159 -- ==> Parameters: 0(String), 3fb6a7a5935b4efabf3de82e7e1baeb6(String), 363a778e78a346a68210b2590163a943(String), f899f3d3baec4571b1c786717f9906fd(String), 5cc0080ad86a4972b64c435976625112(String), dc5f478d98ed4297a8ae638fe90df050(String), dc54ebcbf4f045d9b35b899e9e24c4e4(String), 10(String), 79f9a79091a24309ad95f63ca74f09cd(String), 3(String), 4253190001c1480fb0d631d64d150535(String), f1a73240aa1d4b558bde2a988ce7ab7d(String), a73802e513cc4465883530ec8074abbb(String), b4e7232189b14cf3ba160cf7b0d3bf37(String), 686630c7cb624cc786dcdc9958971a6b(String), 18aae5842dfa40c1b339ddf8cf3a7f35(String), 49fdfa0708e041b29d8b3070daae0e2d(String), 5(String), bb5be9a04d73460a9bee61083d8213f7(String), a5ebf29168234406939856bc6890c86b(String), d2bc30feb5474a1bb7e02d48d39a3f8a(String), 3f26102ef0e04c3c9328cb97067cc5fa(String), 0c9b5fc8b44b41d1871a8fc8300247ec(String), 488ef1eff57b4827acade7c0744278ce(String), 5d3dd56c16ff4e32aecae1b3228159c7(String), 649b484b58414d91aefa5a26143e6557(String), 79d78b8357174cac8f44abd275dec597(String), 915c309ebe5047b68645b3eb777dd8c9(String), 4e816a9854714d24b0413d929d637a2b(String), 4(String), 42dd5ae31e3a43b3a197440e8ec19a94(String), dbdd793bd9d44d44aebb728c6fdc7c20(String), 0818e1c76bbd44eba3a698547ec4e637(String), 1db9105008404a3485b6fac30dba3c0e(String), 7f5067bba6b045098a6e23d80f46ce55(String), b94592e595f7476f845d1f1432830252(String), 2(String), 60dda993d87647f5989c15f14f866df9(String), f5a20c82110b4a3ea9e30ca01a038680(String), 22e38e885f9b40b9aae6a36deb78e89c(String), 1(String)
2018-12-12 20:53:15.473 [qtp289049029-37] [DEBUG] c.v.mapper.SysMenuMapper.selectList.debug 159 -- <==      Total: 1
2018-12-12 20:53:15.476 [qtp289049029-37] [DEBUG] c.v.mapper.SysMenuMapper.selectList.debug 159 -- ==> Parameters: 1(String), 3fb6a7a5935b4efabf3de82e7e1baeb6(String), 363a778e78a346a68210b2590163a943(String), f899f3d3baec4571b1c786717f9906fd(String), 5cc0080ad86a4972b64c435976625112(String), dc5f478d98ed4297a8ae638fe90df050(String), dc54ebcbf4f045d9b35b899e9e24c4e4(String), 10(String), 79f9a79091a24309ad95f63ca74f09cd(String), 3(String), 4253190001c1480fb0d631d64d150535(String), f1a73240aa1d4b558bde2a988ce7ab7d(String), a73802e513cc4465883530ec8074abbb(String), b4e7232189b14cf3ba160cf7b0d3bf37(String), 686630c7cb624cc786dcdc9958971a6b(String), 18aae5842dfa40c1b339ddf8cf3a7f35(String), 49fdfa0708e041b29d8b3070daae0e2d(String), 5(String), bb5be9a04d73460a9bee61083d8213f7(String), a5ebf29168234406939856bc6890c86b(String), d2bc30feb5474a1bb7e02d48d39a3f8a(String), 3f26102ef0e04c3c9328cb97067cc5fa(String), 0c9b5fc8b44b41d1871a8fc8300247ec(String), 488ef1eff57b4827acade7c0744278ce(String), 5d3dd56c16ff4e32aecae1b3228159c7(String), 649b484b58414d91aefa5a26143e6557(String), 79d78b8357174cac8f44abd275dec597(String), 915c309ebe5047b68645b3eb777dd8c9(String), 4e816a9854714d24b0413d929d637a2b(String), 4(String), 42dd5ae31e3a43b3a197440e8ec19a94(String), dbdd793bd9d44d44aebb728c6fdc7c20(String), 0818e1c76bbd44eba3a698547ec4e637(String), 1db9105008404a3485b6fac30dba3c0e(String), 7f5067bba6b045098a6e23d80f46ce55(String), b94592e595f7476f845d1f1432830252(String), 2(String), 60dda993d87647f5989c15f14f866df9(String), f5a20c82110b4a3ea9e30ca01a038680(String), 22e38e885f9b40b9aae6a36deb78e89c(String), 1(String)
2018-12-12 20:53:15.480 [qtp289049029-37] [DEBUG] c.v.mapper.SysMenuMapper.selectList.debug 159 -- <==      Total: 9
2018-12-12 20:54:21.851 [qtp289049029-48] [DEBUG] c.v.m.SysSettingMapper.selectList.debug 159 -- ==>  Preparing: SELECT Id,sysKey,sysName,sysValue,sort,sysDesc FROM sys_setting ORDER BY sort ASC 
2018-12-12 20:54:21.852 [qtp289049029-48] [DEBUG] c.v.m.SysSettingMapper.selectList.debug 159 -- ==> Parameters: 
2018-12-12 20:54:21.853 [qtp289049029-48] [DEBUG] c.v.m.SysSettingMapper.selectList.debug 159 -- <==      Total: 3
2018-12-12 20:54:21.856 [qtp289049029-48] [DEBUG] c.v.m.S.selectRoleMenuIdsByUserId.debug 159 -- ==>  Preparing: SELECT DISTINCT rm.menuId FROM `sys_user_role` ur INNER JOIN `sys_role` r ON r.`id` = ur.`roleId` INNER JOIN `sys_role_menu` rm ON rm.`roleId` = ur.`roleId` WHERE ur.`userId` = ? AND r.`roleState` = 1 
2018-12-12 20:54:21.856 [qtp289049029-48] [DEBUG] c.v.m.S.selectRoleMenuIdsByUserId.debug 159 -- ==> Parameters: c79ba431f9f74dfbae585b87b0cde933(String)
2018-12-12 20:54:21.858 [qtp289049029-48] [DEBUG] c.v.m.S.selectRoleMenuIdsByUserId.debug 159 -- <==      Total: 40
2018-12-12 20:54:21.861 [qtp289049029-48] [DEBUG] c.v.mapper.SysMenuMapper.selectList.debug 159 -- ==>  Preparing: SELECT id,menuName,pid,url,icon,sort,deep,code,`resource` FROM sys_menu WHERE (pid = ? AND id IN (?,?,?,?,?,?,?,?,?,?,?,?,?,?,?,?,?,?,?,?,?,?,?,?,?,?,?,?,?,?,?,?,?,?,?,?,?,?,?,?)) ORDER BY sort ASC 
2018-12-12 20:54:21.862 [qtp289049029-48] [DEBUG] c.v.mapper.SysMenuMapper.selectList.debug 159 -- ==> Parameters: 0(String), 3fb6a7a5935b4efabf3de82e7e1baeb6(String), 363a778e78a346a68210b2590163a943(String), f899f3d3baec4571b1c786717f9906fd(String), 5cc0080ad86a4972b64c435976625112(String), dc5f478d98ed4297a8ae638fe90df050(String), dc54ebcbf4f045d9b35b899e9e24c4e4(String), 10(String), 79f9a79091a24309ad95f63ca74f09cd(String), 3(String), 4253190001c1480fb0d631d64d150535(String), f1a73240aa1d4b558bde2a988ce7ab7d(String), a73802e513cc4465883530ec8074abbb(String), b4e7232189b14cf3ba160cf7b0d3bf37(String), 686630c7cb624cc786dcdc9958971a6b(String), 18aae5842dfa40c1b339ddf8cf3a7f35(String), 49fdfa0708e041b29d8b3070daae0e2d(String), 5(String), bb5be9a04d73460a9bee61083d8213f7(String), a5ebf29168234406939856bc6890c86b(String), d2bc30feb5474a1bb7e02d48d39a3f8a(String), 3f26102ef0e04c3c9328cb97067cc5fa(String), 0c9b5fc8b44b41d1871a8fc8300247ec(String), 488ef1eff57b4827acade7c0744278ce(String), 5d3dd56c16ff4e32aecae1b3228159c7(String), 649b484b58414d91aefa5a26143e6557(String), 79d78b8357174cac8f44abd275dec597(String), 915c309ebe5047b68645b3eb777dd8c9(String), 4e816a9854714d24b0413d929d637a2b(String), 4(String), 42dd5ae31e3a43b3a197440e8ec19a94(String), dbdd793bd9d44d44aebb728c6fdc7c20(String), 0818e1c76bbd44eba3a698547ec4e637(String), 1db9105008404a3485b6fac30dba3c0e(String), 7f5067bba6b045098a6e23d80f46ce55(String), b94592e595f7476f845d1f1432830252(String), 2(String), 60dda993d87647f5989c15f14f866df9(String), f5a20c82110b4a3ea9e30ca01a038680(String), 22e38e885f9b40b9aae6a36deb78e89c(String), 1(String)
2018-12-12 20:54:21.863 [qtp289049029-48] [DEBUG] c.v.mapper.SysMenuMapper.selectList.debug 159 -- <==      Total: 1
2018-12-12 20:54:21.866 [qtp289049029-48] [DEBUG] c.v.mapper.SysMenuMapper.selectList.debug 159 -- ==> Parameters: 1(String), 3fb6a7a5935b4efabf3de82e7e1baeb6(String), 363a778e78a346a68210b2590163a943(String), f899f3d3baec4571b1c786717f9906fd(String), 5cc0080ad86a4972b64c435976625112(String), dc5f478d98ed4297a8ae638fe90df050(String), dc54ebcbf4f045d9b35b899e9e24c4e4(String), 10(String), 79f9a79091a24309ad95f63ca74f09cd(String), 3(String), 4253190001c1480fb0d631d64d150535(String), f1a73240aa1d4b558bde2a988ce7ab7d(String), a73802e513cc4465883530ec8074abbb(String), b4e7232189b14cf3ba160cf7b0d3bf37(String), 686630c7cb624cc786dcdc9958971a6b(String), 18aae5842dfa40c1b339ddf8cf3a7f35(String), 49fdfa0708e041b29d8b3070daae0e2d(String), 5(String), bb5be9a04d73460a9bee61083d8213f7(String), a5ebf29168234406939856bc6890c86b(String), d2bc30feb5474a1bb7e02d48d39a3f8a(String), 3f26102ef0e04c3c9328cb97067cc5fa(String), 0c9b5fc8b44b41d1871a8fc8300247ec(String), 488ef1eff57b4827acade7c0744278ce(String), 5d3dd56c16ff4e32aecae1b3228159c7(String), 649b484b58414d91aefa5a26143e6557(String), 79d78b8357174cac8f44abd275dec597(String), 915c309ebe5047b68645b3eb777dd8c9(String), 4e816a9854714d24b0413d929d637a2b(String), 4(String), 42dd5ae31e3a43b3a197440e8ec19a94(String), dbdd793bd9d44d44aebb728c6fdc7c20(String), 0818e1c76bbd44eba3a698547ec4e637(String), 1db9105008404a3485b6fac30dba3c0e(String), 7f5067bba6b045098a6e23d80f46ce55(String), b94592e595f7476f845d1f1432830252(String), 2(String), 60dda993d87647f5989c15f14f866df9(String), f5a20c82110b4a3ea9e30ca01a038680(String), 22e38e885f9b40b9aae6a36deb78e89c(String), 1(String)
2018-12-12 20:54:21.868 [qtp289049029-48] [DEBUG] c.v.mapper.SysMenuMapper.selectList.debug 159 -- <==      Total: 9
2018-12-12 21:06:30.329 [qtp289049029-24] [DEBUG] c.v.m.SysSettingMapper.selectList.debug 159 -- ==>  Preparing: SELECT Id,sysKey,sysName,sysValue,sort,sysDesc FROM sys_setting ORDER BY sort ASC 
2018-12-12 21:06:30.354 [qtp289049029-24] [DEBUG] c.v.m.SysSettingMapper.selectList.debug 159 -- ==> Parameters: 
2018-12-12 21:06:30.372 [qtp289049029-24] [DEBUG] c.v.m.SysSettingMapper.selectList.debug 159 -- <==      Total: 3
2018-12-12 21:07:05.388 [qtp1174772595-18] [DEBUG] c.v.m.SysSettingMapper.selectList.debug 159 -- ==>  Preparing: SELECT Id,sysKey,sysName,sysValue,sort,sysDesc FROM sys_setting ORDER BY sort ASC 
2018-12-12 21:07:05.413 [qtp1174772595-18] [DEBUG] c.v.m.SysSettingMapper.selectList.debug 159 -- ==> Parameters: 
2018-12-12 21:07:05.433 [qtp1174772595-18] [DEBUG] c.v.m.SysSettingMapper.selectList.debug 159 -- <==      Total: 3
2018-12-12 21:08:24.067 [qtp289049029-38] [DEBUG] c.v.m.SysSettingMapper.selectList.debug 159 -- ==>  Preparing: SELECT Id,sysKey,sysName,sysValue,sort,sysDesc FROM sys_setting ORDER BY sort ASC 
2018-12-12 21:08:24.091 [qtp289049029-38] [DEBUG] c.v.m.SysSettingMapper.selectList.debug 159 -- ==> Parameters: 
2018-12-12 21:08:24.112 [qtp289049029-38] [DEBUG] c.v.m.SysSettingMapper.selectList.debug 159 -- <==      Total: 3
2018-12-12 21:09:29.874 [qtp1688211424-36] [DEBUG] c.v.m.SysSettingMapper.selectList.debug 159 -- ==>  Preparing: SELECT Id,sysKey,sysName,sysValue,sort,sysDesc FROM sys_setting ORDER BY sort ASC 
2018-12-12 21:09:29.895 [qtp1688211424-36] [DEBUG] c.v.m.SysSettingMapper.selectList.debug 159 -- ==> Parameters: 
2018-12-12 21:09:29.913 [qtp1688211424-36] [DEBUG] c.v.m.SysSettingMapper.selectList.debug 159 -- <==      Total: 3
2018-12-12 21:11:29.559 [qtp1688211424-37] [DEBUG] c.v.m.SysSettingMapper.selectList.debug 159 -- ==>  Preparing: SELECT Id,sysKey,sysName,sysValue,sort,sysDesc FROM sys_setting ORDER BY sort ASC 
2018-12-12 21:11:29.560 [qtp1688211424-37] [DEBUG] c.v.m.SysSettingMapper.selectList.debug 159 -- ==> Parameters: 
2018-12-12 21:11:29.563 [qtp1688211424-37] [DEBUG] c.v.m.SysSettingMapper.selectList.debug 159 -- <==      Total: 3
2018-12-12 21:12:32.765 [qtp1688211424-37] [DEBUG] c.v.m.SysSettingMapper.selectList.debug 159 -- ==>  Preparing: SELECT Id,sysKey,sysName,sysValue,sort,sysDesc FROM sys_setting ORDER BY sort ASC 
2018-12-12 21:12:32.766 [qtp1688211424-37] [DEBUG] c.v.m.SysSettingMapper.selectList.debug 159 -- ==> Parameters: 
2018-12-12 21:12:32.767 [qtp1688211424-37] [DEBUG] c.v.m.SysSettingMapper.selectList.debug 159 -- <==      Total: 3
2018-12-12 21:15:46.987 [qtp289049029-23] [DEBUG] c.v.m.SysSettingMapper.selectList.debug 159 -- ==>  Preparing: SELECT Id,sysKey,sysName,sysValue,sort,sysDesc FROM sys_setting ORDER BY sort ASC 
2018-12-12 21:15:47.015 [qtp289049029-23] [DEBUG] c.v.m.SysSettingMapper.selectList.debug 159 -- ==> Parameters: 
2018-12-12 21:15:47.037 [qtp289049029-23] [DEBUG] c.v.m.SysSettingMapper.selectList.debug 159 -- <==      Total: 3
2018-12-12 21:50:08.069 [qtp289049029-44] [DEBUG] c.v.m.SysSettingMapper.selectList.debug 159 -- ==>  Preparing: SELECT Id,sysKey,sysName,sysValue,sort,sysDesc FROM sys_setting ORDER BY sort ASC 
2018-12-12 21:50:08.071 [qtp289049029-44] [DEBUG] c.v.m.SysSettingMapper.selectList.debug 159 -- ==> Parameters: 
2018-12-12 21:50:08.075 [qtp289049029-44] [DEBUG] c.v.m.SysSettingMapper.selectList.debug 159 -- <==      Total: 3
