2018-12-31 10:39:03.701 [qtp1179689991-22] [DEBUG] c.v.m.SysSettingMapper.selectList.debug 159 -- ==>  Preparing: SELECT Id,sysKey,sysName,sysValue,sort,sysDesc FROM sys_setting ORDER BY sort ASC 
2018-12-31 10:39:03.723 [qtp1179689991-22] [DEBUG] c.v.m.SysSettingMapper.selectList.debug 159 -- ==> Parameters: 
2018-12-31 10:39:03.816 [qtp1179689991-22] [DEBUG] c.v.m.SysSettingMapper.selectList.debug 159 -- <==      Total: 3
2018-12-31 10:40:28.247 [qtp1179689991-36] [DEBUG] c.v.m.SysSettingMapper.selectList.debug 159 -- ==>  Preparing: SELECT Id,sysKey,sysName,sysValue,sort,sysDesc FROM sys_setting ORDER BY sort ASC 
2018-12-31 10:40:28.248 [qtp1179689991-36] [DEBUG] c.v.m.SysSettingMapper.selectList.debug 159 -- ==> Parameters: 
2018-12-31 10:40:28.259 [qtp1179689991-36] [DEBUG] c.v.m.SysSettingMapper.selectList.debug 159 -- <==      Total: 3
2018-12-31 10:40:37.552 [qtp1179689991-22] [DEBUG] c.v.mapper.SysUserMapper.selectList.debug 159 -- ==>  Preparing: SELECT id,userName,`password`,userState,createTime,userDesc,userImg,deptId FROM sys_user WHERE (userName = ?) 
2018-12-31 10:40:37.553 [qtp1179689991-22] [DEBUG] c.v.mapper.SysUserMapper.selectList.debug 159 -- ==> Parameters: admin(String)
2018-12-31 10:40:37.564 [qtp1179689991-22] [DEBUG] c.v.mapper.SysUserMapper.selectList.debug 159 -- <==      Total: 1
2018-12-31 10:40:37.675 [qtp1179689991-22] [DEBUG] c.v.mapper.SysLogMapper.insert.debug 159 -- ==>  Preparing: INSERT INTO sys_log ( id, userName, title, url, params, createTime ) VALUES ( ?, ?, ?, ?, ?, ? ) 
2018-12-31 10:40:37.677 [qtp1179689991-22] [DEBUG] c.v.mapper.SysLogMapper.insert.debug 159 -- ==> Parameters: 29a9158769ae4a47900b2a0f1da7ef96(String), admin(String), 用户登录成功(String), /login/doLogin(String), (String), 2018-12-31 10:40:37.575(Timestamp)
2018-12-31 10:40:37.703 [qtp1179689991-22] [DEBUG] c.v.mapper.SysLogMapper.insert.debug 159 -- <==    Updates: 1
2018-12-31 10:40:37.759 [qtp1179689991-22] [DEBUG] c.v.m.S.selectRoleMenuIdsByUserId.debug 159 -- ==>  Preparing: SELECT DISTINCT rm.menuId FROM `sys_user_role` ur INNER JOIN `sys_role` r ON r.`id` = ur.`roleId` INNER JOIN `sys_role_menu` rm ON rm.`roleId` = ur.`roleId` WHERE ur.`userId` = ? AND r.`roleState` = 1 
2018-12-31 10:40:37.759 [qtp1179689991-22] [DEBUG] c.v.m.S.selectRoleMenuIdsByUserId.debug 159 -- ==> Parameters: c79ba431f9f74dfbae585b87b0cde933(String)
2018-12-31 10:40:37.790 [qtp1179689991-22] [DEBUG] c.v.m.S.selectRoleMenuIdsByUserId.debug 159 -- <==      Total: 40
2018-12-31 10:40:37.797 [qtp1179689991-22] [DEBUG] c.v.mapper.SysMenuMapper.selectList.debug 159 -- ==>  Preparing: SELECT id,menuName,pid,url,icon,sort,deep,code,`resource` FROM sys_menu WHERE (pid = ? AND id IN (?,?,?,?,?,?,?,?,?,?,?,?,?,?,?,?,?,?,?,?,?,?,?,?,?,?,?,?,?,?,?,?,?,?,?,?,?,?,?,?)) ORDER BY sort ASC 
2018-12-31 10:40:37.803 [qtp1179689991-22] [DEBUG] c.v.mapper.SysMenuMapper.selectList.debug 159 -- ==> Parameters: 0(String), 3fb6a7a5935b4efabf3de82e7e1baeb6(String), 363a778e78a346a68210b2590163a943(String), f899f3d3baec4571b1c786717f9906fd(String), 5cc0080ad86a4972b64c435976625112(String), dc5f478d98ed4297a8ae638fe90df050(String), dc54ebcbf4f045d9b35b899e9e24c4e4(String), 10(String), 79f9a79091a24309ad95f63ca74f09cd(String), 3(String), 4253190001c1480fb0d631d64d150535(String), f1a73240aa1d4b558bde2a988ce7ab7d(String), a73802e513cc4465883530ec8074abbb(String), b4e7232189b14cf3ba160cf7b0d3bf37(String), 686630c7cb624cc786dcdc9958971a6b(String), 18aae5842dfa40c1b339ddf8cf3a7f35(String), 49fdfa0708e041b29d8b3070daae0e2d(String), 5(String), bb5be9a04d73460a9bee61083d8213f7(String), a5ebf29168234406939856bc6890c86b(String), d2bc30feb5474a1bb7e02d48d39a3f8a(String), 3f26102ef0e04c3c9328cb97067cc5fa(String), 0c9b5fc8b44b41d1871a8fc8300247ec(String), 488ef1eff57b4827acade7c0744278ce(String), 5d3dd56c16ff4e32aecae1b3228159c7(String), 649b484b58414d91aefa5a26143e6557(String), 79d78b8357174cac8f44abd275dec597(String), 915c309ebe5047b68645b3eb777dd8c9(String), 4e816a9854714d24b0413d929d637a2b(String), 4(String), 42dd5ae31e3a43b3a197440e8ec19a94(String), dbdd793bd9d44d44aebb728c6fdc7c20(String), 0818e1c76bbd44eba3a698547ec4e637(String), 1db9105008404a3485b6fac30dba3c0e(String), 7f5067bba6b045098a6e23d80f46ce55(String), b94592e595f7476f845d1f1432830252(String), 2(String), 60dda993d87647f5989c15f14f866df9(String), f5a20c82110b4a3ea9e30ca01a038680(String), 22e38e885f9b40b9aae6a36deb78e89c(String), 1(String)
2018-12-31 10:40:37.806 [qtp1179689991-22] [DEBUG] c.v.mapper.SysMenuMapper.selectList.debug 159 -- <==      Total: 1
2018-12-31 10:40:37.810 [qtp1179689991-22] [DEBUG] c.v.mapper.SysMenuMapper.selectList.debug 159 -- ==> Parameters: 1(String), 3fb6a7a5935b4efabf3de82e7e1baeb6(String), 363a778e78a346a68210b2590163a943(String), f899f3d3baec4571b1c786717f9906fd(String), 5cc0080ad86a4972b64c435976625112(String), dc5f478d98ed4297a8ae638fe90df050(String), dc54ebcbf4f045d9b35b899e9e24c4e4(String), 10(String), 79f9a79091a24309ad95f63ca74f09cd(String), 3(String), 4253190001c1480fb0d631d64d150535(String), f1a73240aa1d4b558bde2a988ce7ab7d(String), a73802e513cc4465883530ec8074abbb(String), b4e7232189b14cf3ba160cf7b0d3bf37(String), 686630c7cb624cc786dcdc9958971a6b(String), 18aae5842dfa40c1b339ddf8cf3a7f35(String), 49fdfa0708e041b29d8b3070daae0e2d(String), 5(String), bb5be9a04d73460a9bee61083d8213f7(String), a5ebf29168234406939856bc6890c86b(String), d2bc30feb5474a1bb7e02d48d39a3f8a(String), 3f26102ef0e04c3c9328cb97067cc5fa(String), 0c9b5fc8b44b41d1871a8fc8300247ec(String), 488ef1eff57b4827acade7c0744278ce(String), 5d3dd56c16ff4e32aecae1b3228159c7(String), 649b484b58414d91aefa5a26143e6557(String), 79d78b8357174cac8f44abd275dec597(String), 915c309ebe5047b68645b3eb777dd8c9(String), 4e816a9854714d24b0413d929d637a2b(String), 4(String), 42dd5ae31e3a43b3a197440e8ec19a94(String), dbdd793bd9d44d44aebb728c6fdc7c20(String), 0818e1c76bbd44eba3a698547ec4e637(String), 1db9105008404a3485b6fac30dba3c0e(String), 7f5067bba6b045098a6e23d80f46ce55(String), b94592e595f7476f845d1f1432830252(String), 2(String), 60dda993d87647f5989c15f14f866df9(String), f5a20c82110b4a3ea9e30ca01a038680(String), 22e38e885f9b40b9aae6a36deb78e89c(String), 1(String)
2018-12-31 10:40:37.813 [qtp1179689991-22] [DEBUG] c.v.mapper.SysMenuMapper.selectList.debug 159 -- <==      Total: 9
2018-12-31 10:40:44.682 [qtp1179689991-36] [DEBUG] c.v.mapper.RomeMapper.selectPage.debug 159 -- ==>  Preparing: SELECT COUNT(1) FROM ( SELECT id,`name`,`no`,`location`,campus,building,volume,facilities,detail,createTime FROM t_rome ) TOTAL 
2018-12-31 10:40:44.683 [qtp1179689991-36] [DEBUG] c.v.mapper.RomeMapper.selectPage.debug 159 -- ==> Parameters: 
2018-12-31 10:40:44.690 [qtp1179689991-36] [DEBUG] c.v.mapper.RomeMapper.selectPage.debug 159 -- ==>  Preparing: SELECT id,`name`,`no`,`location`,campus,building,volume,facilities,detail,createTime FROM t_rome LIMIT 0,10 
2018-12-31 10:40:44.691 [qtp1179689991-36] [DEBUG] c.v.mapper.RomeMapper.selectPage.debug 159 -- ==> Parameters: 
2018-12-31 10:40:44.693 [qtp1179689991-36] [DEBUG] c.v.mapper.RomeMapper.selectPage.debug 159 -- <==      Total: 1
2018-12-31 10:40:44.695 [qtp1179689991-36] [DEBUG] c.v.mapper.DictMapper.selectList.debug 159 -- ==>  Preparing: SELECT id,`name`,`value`,typeValue,`desc`,createTime FROM t_dict WHERE (typeValue = ?) 
2018-12-31 10:40:44.696 [qtp1179689991-36] [DEBUG] c.v.mapper.DictMapper.selectList.debug 159 -- ==> Parameters: 0010(String)
2018-12-31 10:40:44.699 [qtp1179689991-36] [DEBUG] c.v.mapper.DictMapper.selectList.debug 159 -- <==      Total: 2
2018-12-31 10:40:44.742 [qtp1179689991-36] [DEBUG] c.v.m.SysUserRoleMapper.selectList.debug 159 -- ==>  Preparing: SELECT Id,userId,roleId FROM sys_user_role WHERE (userId = ?) 
2018-12-31 10:40:44.743 [qtp1179689991-36] [DEBUG] c.v.m.SysUserRoleMapper.selectList.debug 159 -- ==> Parameters: c79ba431f9f74dfbae585b87b0cde933(String)
2018-12-31 10:40:44.744 [qtp1179689991-36] [DEBUG] c.v.m.SysUserRoleMapper.selectList.debug 159 -- <==      Total: 1
2018-12-31 10:40:44.747 [qtp1179689991-36] [DEBUG] c.v.m.S.selectResourceByUid.debug 159 -- ==>  Preparing: SELECT DISTINCT m.`resource` FROM sys_user_role ur LEFT JOIN sys_role_menu rm ON ur.`roleId` = rm.`roleId` LEFT JOIN sys_menu m ON m.`id` = rm.`menuId` WHERE ur.`userId` = ? AND m.`resource` IS NOT NULL AND m.`resource` != '' AND m.deep=3 
2018-12-31 10:40:44.747 [qtp1179689991-36] [DEBUG] c.v.m.S.selectResourceByUid.debug 159 -- ==> Parameters: c79ba431f9f74dfbae585b87b0cde933(String)
2018-12-31 10:40:44.749 [qtp1179689991-36] [DEBUG] c.v.m.S.selectResourceByUid.debug 159 -- <==      Total: 30
2018-12-31 10:40:48.121 [qtp1179689991-22] [DEBUG] c.v.mapper.DictMapper.selectList.debug 159 -- ==>  Preparing: SELECT id,`name`,`value`,typeValue,`desc`,createTime FROM t_dict WHERE (typeValue = ?) 
2018-12-31 10:40:48.122 [qtp1179689991-22] [DEBUG] c.v.mapper.DictMapper.selectList.debug 159 -- ==> Parameters: 0010(String)
2018-12-31 10:40:48.123 [qtp1179689991-22] [DEBUG] c.v.mapper.DictMapper.selectList.debug 159 -- <==      Total: 2
2018-12-31 10:40:48.126 [qtp1179689991-22] [DEBUG] c.v.mapper.DictMapper.selectList.debug 159 -- ==>  Preparing: SELECT id,`name`,`value`,typeValue,`desc`,createTime FROM t_dict WHERE (typeValue = ?) 
2018-12-31 10:40:48.127 [qtp1179689991-22] [DEBUG] c.v.mapper.DictMapper.selectList.debug 159 -- ==> Parameters: 0011(String)
2018-12-31 10:40:48.128 [qtp1179689991-22] [DEBUG] c.v.mapper.DictMapper.selectList.debug 159 -- <==      Total: 3
2018-12-31 10:41:08.896 [qtp1179689991-40] [DEBUG] c.v.mapper.DictMapper.selectList.debug 159 -- ==>  Preparing: SELECT id,`name`,`value`,typeValue,`desc`,createTime FROM t_dict WHERE (typeValue = ? AND value LIKE ?) 
2018-12-31 10:41:08.897 [qtp1179689991-40] [DEBUG] c.v.mapper.DictMapper.selectList.debug 159 -- ==> Parameters: 0011(String), %1-%(String)
2018-12-31 10:41:08.898 [qtp1179689991-40] [DEBUG] c.v.mapper.DictMapper.selectList.debug 159 -- <==      Total: 2
2018-12-31 10:42:14.215 [qtp1179689991-36] [DEBUG] c.v.m.SysSettingMapper.selectList.debug 159 -- ==>  Preparing: SELECT Id,sysKey,sysName,sysValue,sort,sysDesc FROM sys_setting ORDER BY sort ASC 
2018-12-31 10:42:14.215 [qtp1179689991-36] [DEBUG] c.v.m.SysSettingMapper.selectList.debug 159 -- ==> Parameters: 
2018-12-31 10:42:14.217 [qtp1179689991-36] [DEBUG] c.v.m.SysSettingMapper.selectList.debug 159 -- <==      Total: 3
2018-12-31 10:42:14.219 [qtp1179689991-36] [DEBUG] c.v.m.S.selectRoleMenuIdsByUserId.debug 159 -- ==>  Preparing: SELECT DISTINCT rm.menuId FROM `sys_user_role` ur INNER JOIN `sys_role` r ON r.`id` = ur.`roleId` INNER JOIN `sys_role_menu` rm ON rm.`roleId` = ur.`roleId` WHERE ur.`userId` = ? AND r.`roleState` = 1 
2018-12-31 10:42:14.220 [qtp1179689991-36] [DEBUG] c.v.m.S.selectRoleMenuIdsByUserId.debug 159 -- ==> Parameters: c79ba431f9f74dfbae585b87b0cde933(String)
2018-12-31 10:42:14.223 [qtp1179689991-36] [DEBUG] c.v.m.S.selectRoleMenuIdsByUserId.debug 159 -- <==      Total: 40
2018-12-31 10:42:14.226 [qtp1179689991-36] [DEBUG] c.v.mapper.SysMenuMapper.selectList.debug 159 -- ==>  Preparing: SELECT id,menuName,pid,url,icon,sort,deep,code,`resource` FROM sys_menu WHERE (pid = ? AND id IN (?,?,?,?,?,?,?,?,?,?,?,?,?,?,?,?,?,?,?,?,?,?,?,?,?,?,?,?,?,?,?,?,?,?,?,?,?,?,?,?)) ORDER BY sort ASC 
2018-12-31 10:42:14.227 [qtp1179689991-36] [DEBUG] c.v.mapper.SysMenuMapper.selectList.debug 159 -- ==> Parameters: 0(String), 3fb6a7a5935b4efabf3de82e7e1baeb6(String), 363a778e78a346a68210b2590163a943(String), f899f3d3baec4571b1c786717f9906fd(String), 5cc0080ad86a4972b64c435976625112(String), dc5f478d98ed4297a8ae638fe90df050(String), dc54ebcbf4f045d9b35b899e9e24c4e4(String), 10(String), 79f9a79091a24309ad95f63ca74f09cd(String), 3(String), 4253190001c1480fb0d631d64d150535(String), f1a73240aa1d4b558bde2a988ce7ab7d(String), a73802e513cc4465883530ec8074abbb(String), b4e7232189b14cf3ba160cf7b0d3bf37(String), 686630c7cb624cc786dcdc9958971a6b(String), 18aae5842dfa40c1b339ddf8cf3a7f35(String), 49fdfa0708e041b29d8b3070daae0e2d(String), 5(String), bb5be9a04d73460a9bee61083d8213f7(String), a5ebf29168234406939856bc6890c86b(String), d2bc30feb5474a1bb7e02d48d39a3f8a(String), 3f26102ef0e04c3c9328cb97067cc5fa(String), 0c9b5fc8b44b41d1871a8fc8300247ec(String), 488ef1eff57b4827acade7c0744278ce(String), 5d3dd56c16ff4e32aecae1b3228159c7(String), 649b484b58414d91aefa5a26143e6557(String), 79d78b8357174cac8f44abd275dec597(String), 915c309ebe5047b68645b3eb777dd8c9(String), 4e816a9854714d24b0413d929d637a2b(String), 4(String), 42dd5ae31e3a43b3a197440e8ec19a94(String), dbdd793bd9d44d44aebb728c6fdc7c20(String), 0818e1c76bbd44eba3a698547ec4e637(String), 1db9105008404a3485b6fac30dba3c0e(String), 7f5067bba6b045098a6e23d80f46ce55(String), b94592e595f7476f845d1f1432830252(String), 2(String), 60dda993d87647f5989c15f14f866df9(String), f5a20c82110b4a3ea9e30ca01a038680(String), 22e38e885f9b40b9aae6a36deb78e89c(String), 1(String)
2018-12-31 10:42:14.229 [qtp1179689991-36] [DEBUG] c.v.mapper.SysMenuMapper.selectList.debug 159 -- <==      Total: 1
2018-12-31 10:42:14.232 [qtp1179689991-36] [DEBUG] c.v.mapper.SysMenuMapper.selectList.debug 159 -- ==> Parameters: 1(String), 3fb6a7a5935b4efabf3de82e7e1baeb6(String), 363a778e78a346a68210b2590163a943(String), f899f3d3baec4571b1c786717f9906fd(String), 5cc0080ad86a4972b64c435976625112(String), dc5f478d98ed4297a8ae638fe90df050(String), dc54ebcbf4f045d9b35b899e9e24c4e4(String), 10(String), 79f9a79091a24309ad95f63ca74f09cd(String), 3(String), 4253190001c1480fb0d631d64d150535(String), f1a73240aa1d4b558bde2a988ce7ab7d(String), a73802e513cc4465883530ec8074abbb(String), b4e7232189b14cf3ba160cf7b0d3bf37(String), 686630c7cb624cc786dcdc9958971a6b(String), 18aae5842dfa40c1b339ddf8cf3a7f35(String), 49fdfa0708e041b29d8b3070daae0e2d(String), 5(String), bb5be9a04d73460a9bee61083d8213f7(String), a5ebf29168234406939856bc6890c86b(String), d2bc30feb5474a1bb7e02d48d39a3f8a(String), 3f26102ef0e04c3c9328cb97067cc5fa(String), 0c9b5fc8b44b41d1871a8fc8300247ec(String), 488ef1eff57b4827acade7c0744278ce(String), 5d3dd56c16ff4e32aecae1b3228159c7(String), 649b484b58414d91aefa5a26143e6557(String), 79d78b8357174cac8f44abd275dec597(String), 915c309ebe5047b68645b3eb777dd8c9(String), 4e816a9854714d24b0413d929d637a2b(String), 4(String), 42dd5ae31e3a43b3a197440e8ec19a94(String), dbdd793bd9d44d44aebb728c6fdc7c20(String), 0818e1c76bbd44eba3a698547ec4e637(String), 1db9105008404a3485b6fac30dba3c0e(String), 7f5067bba6b045098a6e23d80f46ce55(String), b94592e595f7476f845d1f1432830252(String), 2(String), 60dda993d87647f5989c15f14f866df9(String), f5a20c82110b4a3ea9e30ca01a038680(String), 22e38e885f9b40b9aae6a36deb78e89c(String), 1(String)
2018-12-31 10:42:14.235 [qtp1179689991-36] [DEBUG] c.v.mapper.SysMenuMapper.selectList.debug 159 -- <==      Total: 9
2018-12-31 10:42:14.239 [qtp1179689991-36] [DEBUG] c.v.mapper.RomeMapper.selectList.debug 159 -- ==>  Preparing: SELECT id,`name`,`no`,`location`,campus,building,volume,facilities,detail,createTime FROM t_rome WHERE (no = ?) 
2018-12-31 10:42:14.239 [qtp1179689991-36] [DEBUG] c.v.mapper.RomeMapper.selectList.debug 159 -- ==> Parameters: YF-3402(String)
2018-12-31 10:42:14.240 [qtp1179689991-36] [DEBUG] c.v.mapper.RomeMapper.selectList.debug 159 -- <==      Total: 0
2018-12-31 10:42:14.242 [qtp1179689991-36] [DEBUG] c.v.mapper.RomeMapper.selectCount.debug 159 -- ==>  Preparing: SELECT COUNT(1) FROM t_rome WHERE (no = ?) 
2018-12-31 10:42:14.242 [qtp1179689991-36] [DEBUG] c.v.mapper.RomeMapper.selectCount.debug 159 -- ==> Parameters: YF-3402(String)
2018-12-31 10:42:14.244 [qtp1179689991-36] [DEBUG] c.v.mapper.RomeMapper.selectCount.debug 159 -- <==      Total: 1
2018-12-31 10:42:14.270 [qtp1179689991-42] [DEBUG] c.vacomall.mapper.RomeMapper.insert.debug 159 -- ==>  Preparing: INSERT INTO t_rome ( id, `name`, `no`, `location`, campus, building, volume, facilities, detail, createTime ) VALUES ( ?, ?, ?, ?, ?, ?, ?, ?, ?, ? ) 
2018-12-31 10:42:14.272 [qtp1179689991-42] [DEBUG] c.vacomall.mapper.RomeMapper.insert.debug 159 -- ==> Parameters: a1ceedaea0f643a1b1fa108abae77f9f(String), YF-3402综合会议室(String), YF-3402(String), 汇峰校区逸夫教学楼三号楼4楼3402(String), 会峰校区(String), 逸夫3号楼(String), 120(Integer), 投影仪、电脑(String), (String), 2018-12-31 10:40:48.0(Timestamp)
2018-12-31 10:42:14.289 [qtp1179689991-42] [DEBUG] c.vacomall.mapper.RomeMapper.insert.debug 159 -- <==    Updates: 1
2018-12-31 10:42:14.328 [qtp1179689991-42] [DEBUG] c.v.mapper.SysLogMapper.insert.debug 159 -- ==>  Preparing: INSERT INTO sys_log ( id, userName, title, url, params, createTime ) VALUES ( ?, ?, ?, ?, ?, ? ) 
2018-12-31 10:42:14.329 [qtp1179689991-42] [DEBUG] c.v.mapper.SysLogMapper.insert.debug 159 -- ==> Parameters: eeb83f9654c1482b9cdde61311c35967(String), admin(String), 录入会议室信息(String), /rome/doAdd(String), {"volume":["120"],"no":["YF-3402"],"createTime":["2018/12/31 10:40:48"],"campus":["会峰校区"],"name":["YF-3402综合会议室"],"location":["汇峰校区逸夫教学楼三号楼4楼3402"],"id":[""],"detail":[""],"facilities":["投影仪、电脑"],"building":["逸夫3号楼"]}(String), 2018-12-31 10:42:14.292(Timestamp)
2018-12-31 10:42:14.333 [qtp1179689991-42] [DEBUG] c.v.mapper.SysLogMapper.insert.debug 159 -- <==    Updates: 1
2018-12-31 10:42:14.350 [qtp1179689991-22] [DEBUG] c.v.mapper.RomeMapper.selectPage.debug 159 -- ==>  Preparing: SELECT COUNT(1) FROM ( SELECT id,`name`,`no`,`location`,campus,building,volume,facilities,detail,createTime FROM t_rome ) TOTAL 
2018-12-31 10:42:14.350 [qtp1179689991-22] [DEBUG] c.v.mapper.RomeMapper.selectPage.debug 159 -- ==> Parameters: 
2018-12-31 10:42:14.351 [qtp1179689991-22] [DEBUG] c.v.mapper.RomeMapper.selectPage.debug 159 -- ==>  Preparing: SELECT id,`name`,`no`,`location`,campus,building,volume,facilities,detail,createTime FROM t_rome LIMIT 0,10 
2018-12-31 10:42:14.352 [qtp1179689991-22] [DEBUG] c.v.mapper.RomeMapper.selectPage.debug 159 -- ==> Parameters: 
2018-12-31 10:42:14.353 [qtp1179689991-22] [DEBUG] c.v.mapper.RomeMapper.selectPage.debug 159 -- <==      Total: 2
2018-12-31 10:42:14.357 [qtp1179689991-22] [DEBUG] c.v.mapper.DictMapper.selectList.debug 159 -- ==>  Preparing: SELECT id,`name`,`value`,typeValue,`desc`,createTime FROM t_dict WHERE (typeValue = ?) 
2018-12-31 10:42:14.357 [qtp1179689991-22] [DEBUG] c.v.mapper.DictMapper.selectList.debug 159 -- ==> Parameters: 0010(String)
2018-12-31 10:42:14.359 [qtp1179689991-22] [DEBUG] c.v.mapper.DictMapper.selectList.debug 159 -- <==      Total: 2
2018-12-31 10:42:26.588 [qtp1179689991-22] [DEBUG] c.v.mapper.DictMapper.selectList.debug 159 -- ==>  Preparing: SELECT id,`name`,`value`,typeValue,`desc`,createTime FROM t_dict WHERE (typeValue = ? AND value LIKE ?) 
2018-12-31 10:42:26.589 [qtp1179689991-22] [DEBUG] c.v.mapper.DictMapper.selectList.debug 159 -- ==> Parameters: 0011(String), %1-%(String)
2018-12-31 10:42:26.590 [qtp1179689991-22] [DEBUG] c.v.mapper.DictMapper.selectList.debug 159 -- <==      Total: 2
2018-12-31 10:42:28.669 [qtp1179689991-36] [DEBUG] c.v.mapper.DictMapper.selectList.debug 159 -- ==>  Preparing: SELECT id,`name`,`value`,typeValue,`desc`,createTime FROM t_dict WHERE (name = ?) 
2018-12-31 10:42:28.670 [qtp1179689991-36] [DEBUG] c.v.mapper.DictMapper.selectList.debug 159 -- ==> Parameters: 会峰校区(String)
2018-12-31 10:42:28.671 [qtp1179689991-36] [DEBUG] c.v.mapper.DictMapper.selectList.debug 159 -- <==      Total: 1
2018-12-31 10:42:28.674 [qtp1179689991-36] [DEBUG] c.v.mapper.DictMapper.selectList.debug 159 -- ==>  Preparing: SELECT id,`name`,`value`,typeValue,`desc`,createTime FROM t_dict WHERE (typeValue = ? AND value LIKE ?) 
2018-12-31 10:42:28.675 [qtp1179689991-36] [DEBUG] c.v.mapper.DictMapper.selectList.debug 159 -- ==> Parameters: 0011(String), %1-%(String)
2018-12-31 10:42:28.678 [qtp1179689991-36] [DEBUG] c.v.mapper.DictMapper.selectList.debug 159 -- <==      Total: 2
2018-12-31 10:42:28.680 [qtp1179689991-36] [DEBUG] c.v.mapper.RomeMapper.selectPage.debug 159 -- ==>  Preparing: SELECT COUNT(1) FROM ( SELECT id,`name`,`no`,`location`,campus,building,volume,facilities,detail,createTime FROM t_rome WHERE (no LIKE ? AND campus LIKE ? AND building LIKE ?) ) TOTAL 
2018-12-31 10:42:28.681 [qtp1179689991-36] [DEBUG] c.v.mapper.RomeMapper.selectPage.debug 159 -- ==> Parameters: %YF-3402%(String), %会峰校区%(String), %逸夫3号楼%(String)
2018-12-31 10:42:28.683 [qtp1179689991-36] [DEBUG] c.v.mapper.RomeMapper.selectPage.debug 159 -- ==>  Preparing: SELECT id,`name`,`no`,`location`,campus,building,volume,facilities,detail,createTime FROM t_rome WHERE (no LIKE ? AND campus LIKE ? AND building LIKE ?) LIMIT 0,10 
2018-12-31 10:42:28.684 [qtp1179689991-36] [DEBUG] c.v.mapper.RomeMapper.selectPage.debug 159 -- ==> Parameters: %YF-3402%(String), %会峰校区%(String), %逸夫3号楼%(String)
2018-12-31 10:42:28.685 [qtp1179689991-36] [DEBUG] c.v.mapper.RomeMapper.selectPage.debug 159 -- <==      Total: 1
2018-12-31 10:42:28.687 [qtp1179689991-36] [DEBUG] c.v.mapper.DictMapper.selectList.debug 159 -- ==>  Preparing: SELECT id,`name`,`value`,typeValue,`desc`,createTime FROM t_dict WHERE (typeValue = ?) 
2018-12-31 10:42:28.687 [qtp1179689991-36] [DEBUG] c.v.mapper.DictMapper.selectList.debug 159 -- ==> Parameters: 0010(String)
2018-12-31 10:42:28.688 [qtp1179689991-36] [DEBUG] c.v.mapper.DictMapper.selectList.debug 159 -- <==      Total: 2
2018-12-31 10:42:34.967 [qtp1179689991-43] [DEBUG] c.v.mapper.DictMapper.selectList.debug 159 -- ==>  Preparing: SELECT id,`name`,`value`,typeValue,`desc`,createTime FROM t_dict WHERE (typeValue = ? AND value LIKE ?) 
2018-12-31 10:42:34.967 [qtp1179689991-43] [DEBUG] c.v.mapper.DictMapper.selectList.debug 159 -- ==> Parameters: 0011(String), %2-%(String)
2018-12-31 10:42:34.969 [qtp1179689991-43] [DEBUG] c.v.mapper.DictMapper.selectList.debug 159 -- <==      Total: 1
2018-12-31 10:42:44.080 [qtp1179689991-36] [DEBUG] c.v.mapper.RomeMapper.selectPage.debug 159 -- ==>  Preparing: SELECT COUNT(1) FROM ( SELECT id,`name`,`no`,`location`,campus,building,volume,facilities,detail,createTime FROM t_rome WHERE (no LIKE ?) ) TOTAL 
2018-12-31 10:42:44.080 [qtp1179689991-36] [DEBUG] c.v.mapper.RomeMapper.selectPage.debug 159 -- ==> Parameters: %YF-3402%(String)
2018-12-31 10:42:44.081 [qtp1179689991-36] [DEBUG] c.v.mapper.RomeMapper.selectPage.debug 159 -- ==>  Preparing: SELECT id,`name`,`no`,`location`,campus,building,volume,facilities,detail,createTime FROM t_rome WHERE (no LIKE ?) LIMIT 0,10 
2018-12-31 10:42:44.082 [qtp1179689991-36] [DEBUG] c.v.mapper.RomeMapper.selectPage.debug 159 -- ==> Parameters: %YF-3402%(String)
2018-12-31 10:42:44.083 [qtp1179689991-36] [DEBUG] c.v.mapper.RomeMapper.selectPage.debug 159 -- <==      Total: 1
2018-12-31 10:42:44.086 [qtp1179689991-36] [DEBUG] c.v.mapper.DictMapper.selectList.debug 159 -- ==>  Preparing: SELECT id,`name`,`value`,typeValue,`desc`,createTime FROM t_dict WHERE (typeValue = ?) 
2018-12-31 10:42:44.086 [qtp1179689991-36] [DEBUG] c.v.mapper.DictMapper.selectList.debug 159 -- ==> Parameters: 0010(String)
2018-12-31 10:42:44.088 [qtp1179689991-36] [DEBUG] c.v.mapper.DictMapper.selectList.debug 159 -- <==      Total: 2
2018-12-31 10:42:50.578 [qtp1179689991-42] [DEBUG] c.v.mapper.RomeMapper.selectPage.debug 159 -- ==>  Preparing: SELECT COUNT(1) FROM ( SELECT id,`name`,`no`,`location`,campus,building,volume,facilities,detail,createTime FROM t_rome ) TOTAL 
2018-12-31 10:42:50.579 [qtp1179689991-42] [DEBUG] c.v.mapper.RomeMapper.selectPage.debug 159 -- ==> Parameters: 
2018-12-31 10:42:50.580 [qtp1179689991-42] [DEBUG] c.v.mapper.RomeMapper.selectPage.debug 159 -- ==>  Preparing: SELECT id,`name`,`no`,`location`,campus,building,volume,facilities,detail,createTime FROM t_rome LIMIT 0,10 
2018-12-31 10:42:50.580 [qtp1179689991-42] [DEBUG] c.v.mapper.RomeMapper.selectPage.debug 159 -- ==> Parameters: 
2018-12-31 10:42:50.581 [qtp1179689991-42] [DEBUG] c.v.mapper.RomeMapper.selectPage.debug 159 -- <==      Total: 2
2018-12-31 10:42:50.584 [qtp1179689991-42] [DEBUG] c.v.mapper.DictMapper.selectList.debug 159 -- ==>  Preparing: SELECT id,`name`,`value`,typeValue,`desc`,createTime FROM t_dict WHERE (typeValue = ?) 
2018-12-31 10:42:50.584 [qtp1179689991-42] [DEBUG] c.v.mapper.DictMapper.selectList.debug 159 -- ==> Parameters: 0010(String)
2018-12-31 10:42:50.585 [qtp1179689991-42] [DEBUG] c.v.mapper.DictMapper.selectList.debug 159 -- <==      Total: 2
2018-12-31 10:42:50.606 [qtp1179689991-42] [DEBUG] c.v.m.SysUserRoleMapper.selectList.debug 159 -- ==>  Preparing: SELECT Id,userId,roleId FROM sys_user_role WHERE (userId = ?) 
2018-12-31 10:42:50.607 [qtp1179689991-42] [DEBUG] c.v.m.SysUserRoleMapper.selectList.debug 159 -- ==> Parameters: c79ba431f9f74dfbae585b87b0cde933(String)
2018-12-31 10:42:50.608 [qtp1179689991-42] [DEBUG] c.v.m.SysUserRoleMapper.selectList.debug 159 -- <==      Total: 1
2018-12-31 10:42:50.610 [qtp1179689991-42] [DEBUG] c.v.m.S.selectResourceByUid.debug 159 -- ==>  Preparing: SELECT DISTINCT m.`resource` FROM sys_user_role ur LEFT JOIN sys_role_menu rm ON ur.`roleId` = rm.`roleId` LEFT JOIN sys_menu m ON m.`id` = rm.`menuId` WHERE ur.`userId` = ? AND m.`resource` IS NOT NULL AND m.`resource` != '' AND m.deep=3 
2018-12-31 10:42:50.610 [qtp1179689991-42] [DEBUG] c.v.m.S.selectResourceByUid.debug 159 -- ==> Parameters: c79ba431f9f74dfbae585b87b0cde933(String)
2018-12-31 10:42:50.611 [qtp1179689991-42] [DEBUG] c.v.m.S.selectResourceByUid.debug 159 -- <==      Total: 30
2018-12-31 10:57:46.344 [qtp666642000-20] [DEBUG] c.v.m.SysSettingMapper.selectList.debug 159 -- ==>  Preparing: SELECT Id,sysKey,sysName,sysValue,sort,sysDesc FROM sys_setting ORDER BY sort ASC 
2018-12-31 10:57:46.364 [qtp666642000-20] [DEBUG] c.v.m.SysSettingMapper.selectList.debug 159 -- ==> Parameters: 
2018-12-31 10:57:46.383 [qtp666642000-20] [DEBUG] c.v.m.SysSettingMapper.selectList.debug 159 -- <==      Total: 3
2018-12-31 10:59:30.366 [qtp1039565260-21] [DEBUG] c.v.m.SysSettingMapper.selectList.debug 159 -- ==>  Preparing: SELECT Id,sysKey,sysName,sysValue,sort,sysDesc FROM sys_setting ORDER BY sort ASC 
2018-12-31 10:59:30.389 [qtp1039565260-21] [DEBUG] c.v.m.SysSettingMapper.selectList.debug 159 -- ==> Parameters: 
2018-12-31 10:59:30.407 [qtp1039565260-21] [DEBUG] c.v.m.SysSettingMapper.selectList.debug 159 -- <==      Total: 3
2018-12-31 11:02:56.011 [qtp1039565260-22] [DEBUG] c.v.m.SysSettingMapper.selectList.debug 159 -- ==>  Preparing: SELECT Id,sysKey,sysName,sysValue,sort,sysDesc FROM sys_setting ORDER BY sort ASC 
2018-12-31 11:02:56.012 [qtp1039565260-22] [DEBUG] c.v.m.SysSettingMapper.selectList.debug 159 -- ==> Parameters: 
2018-12-31 11:02:56.014 [qtp1039565260-22] [DEBUG] c.v.m.SysSettingMapper.selectList.debug 159 -- <==      Total: 3
2018-12-31 11:04:01.201 [qtp1039565260-40] [DEBUG] c.v.m.SysSettingMapper.selectList.debug 159 -- ==>  Preparing: SELECT Id,sysKey,sysName,sysValue,sort,sysDesc FROM sys_setting ORDER BY sort ASC 
2018-12-31 11:04:01.202 [qtp1039565260-40] [DEBUG] c.v.m.SysSettingMapper.selectList.debug 159 -- ==> Parameters: 
2018-12-31 11:04:01.203 [qtp1039565260-40] [DEBUG] c.v.m.SysSettingMapper.selectList.debug 159 -- <==      Total: 3
2018-12-31 11:06:40.163 [qtp1039565260-38] [DEBUG] c.v.m.SysSettingMapper.selectList.debug 159 -- ==>  Preparing: SELECT Id,sysKey,sysName,sysValue,sort,sysDesc FROM sys_setting ORDER BY sort ASC 
2018-12-31 11:06:40.164 [qtp1039565260-38] [DEBUG] c.v.m.SysSettingMapper.selectList.debug 159 -- ==> Parameters: 
2018-12-31 11:06:40.165 [qtp1039565260-38] [DEBUG] c.v.m.SysSettingMapper.selectList.debug 159 -- <==      Total: 3
2018-12-31 11:08:05.712 [qtp1547714604-21] [DEBUG] c.v.m.SysSettingMapper.selectList.debug 159 -- ==>  Preparing: SELECT Id,sysKey,sysName,sysValue,sort,sysDesc FROM sys_setting ORDER BY sort ASC 
2018-12-31 11:08:05.737 [qtp1547714604-21] [DEBUG] c.v.m.SysSettingMapper.selectList.debug 159 -- ==> Parameters: 
2018-12-31 11:08:05.759 [qtp1547714604-21] [DEBUG] c.v.m.SysSettingMapper.selectList.debug 159 -- <==      Total: 3
2018-12-31 11:10:19.837 [qtp1547714604-36] [DEBUG] c.v.m.SysSettingMapper.selectList.debug 159 -- ==>  Preparing: SELECT Id,sysKey,sysName,sysValue,sort,sysDesc FROM sys_setting ORDER BY sort ASC 
2018-12-31 11:10:19.838 [qtp1547714604-36] [DEBUG] c.v.m.SysSettingMapper.selectList.debug 159 -- ==> Parameters: 
2018-12-31 11:10:19.840 [qtp1547714604-36] [DEBUG] c.v.m.SysSettingMapper.selectList.debug 159 -- <==      Total: 3
2018-12-31 11:20:16.717 [qtp666642000-21] [DEBUG] c.v.m.SysSettingMapper.selectList.debug 159 -- ==>  Preparing: SELECT Id,sysKey,sysName,sysValue,sort,sysDesc FROM sys_setting ORDER BY sort ASC 
2018-12-31 11:20:16.736 [qtp666642000-21] [DEBUG] c.v.m.SysSettingMapper.selectList.debug 159 -- ==> Parameters: 
2018-12-31 11:20:16.752 [qtp666642000-21] [DEBUG] c.v.m.SysSettingMapper.selectList.debug 159 -- <==      Total: 3
2018-12-31 11:22:28.965 [qtp666642000-39] [DEBUG] c.v.m.SysSettingMapper.selectList.debug 159 -- ==>  Preparing: SELECT Id,sysKey,sysName,sysValue,sort,sysDesc FROM sys_setting ORDER BY sort ASC 
2018-12-31 11:22:28.965 [qtp666642000-39] [DEBUG] c.v.m.SysSettingMapper.selectList.debug 159 -- ==> Parameters: 
2018-12-31 11:22:28.967 [qtp666642000-39] [DEBUG] c.v.m.SysSettingMapper.selectList.debug 159 -- <==      Total: 3
2018-12-31 11:24:03.221 [qtp666642000-40] [DEBUG] c.v.m.SysSettingMapper.selectList.debug 159 -- ==>  Preparing: SELECT Id,sysKey,sysName,sysValue,sort,sysDesc FROM sys_setting ORDER BY sort ASC 
2018-12-31 11:24:03.221 [qtp666642000-40] [DEBUG] c.v.m.SysSettingMapper.selectList.debug 159 -- ==> Parameters: 
2018-12-31 11:24:03.223 [qtp666642000-40] [DEBUG] c.v.m.SysSettingMapper.selectList.debug 159 -- <==      Total: 3
2018-12-31 11:25:08.202 [qtp666642000-43] [DEBUG] c.v.m.SysSettingMapper.selectList.debug 159 -- ==>  Preparing: SELECT Id,sysKey,sysName,sysValue,sort,sysDesc FROM sys_setting ORDER BY sort ASC 
2018-12-31 11:25:08.203 [qtp666642000-43] [DEBUG] c.v.m.SysSettingMapper.selectList.debug 159 -- ==> Parameters: 
2018-12-31 11:25:08.204 [qtp666642000-43] [DEBUG] c.v.m.SysSettingMapper.selectList.debug 159 -- <==      Total: 3
2018-12-31 11:26:27.229 [qtp666642000-45] [DEBUG] c.v.m.SysSettingMapper.selectList.debug 159 -- ==>  Preparing: SELECT Id,sysKey,sysName,sysValue,sort,sysDesc FROM sys_setting ORDER BY sort ASC 
2018-12-31 11:26:27.229 [qtp666642000-45] [DEBUG] c.v.m.SysSettingMapper.selectList.debug 159 -- ==> Parameters: 
2018-12-31 11:26:27.230 [qtp666642000-45] [DEBUG] c.v.m.SysSettingMapper.selectList.debug 159 -- <==      Total: 3
2018-12-31 11:28:50.601 [qtp666642000-44] [DEBUG] c.v.m.SysSettingMapper.selectList.debug 159 -- ==>  Preparing: SELECT Id,sysKey,sysName,sysValue,sort,sysDesc FROM sys_setting ORDER BY sort ASC 
2018-12-31 11:28:50.601 [qtp666642000-44] [DEBUG] c.v.m.SysSettingMapper.selectList.debug 159 -- ==> Parameters: 
2018-12-31 11:28:50.604 [qtp666642000-44] [DEBUG] c.v.m.SysSettingMapper.selectList.debug 159 -- <==      Total: 3
2018-12-31 11:30:15.493 [qtp666642000-41] [DEBUG] c.v.m.SysSettingMapper.selectList.debug 159 -- ==>  Preparing: SELECT Id,sysKey,sysName,sysValue,sort,sysDesc FROM sys_setting ORDER BY sort ASC 
2018-12-31 11:30:15.493 [qtp666642000-41] [DEBUG] c.v.m.SysSettingMapper.selectList.debug 159 -- ==> Parameters: 
2018-12-31 11:30:15.495 [qtp666642000-41] [DEBUG] c.v.m.SysSettingMapper.selectList.debug 159 -- <==      Total: 3
2018-12-31 11:31:37.017 [qtp666642000-40] [DEBUG] c.v.m.SysSettingMapper.selectList.debug 159 -- ==>  Preparing: SELECT Id,sysKey,sysName,sysValue,sort,sysDesc FROM sys_setting ORDER BY sort ASC 
2018-12-31 11:31:37.018 [qtp666642000-40] [DEBUG] c.v.m.SysSettingMapper.selectList.debug 159 -- ==> Parameters: 
2018-12-31 11:31:37.019 [qtp666642000-40] [DEBUG] c.v.m.SysSettingMapper.selectList.debug 159 -- <==      Total: 3
2018-12-31 11:39:39.066 [qtp666642000-41] [DEBUG] c.v.m.SysSettingMapper.selectList.debug 159 -- ==>  Preparing: SELECT Id,sysKey,sysName,sysValue,sort,sysDesc FROM sys_setting ORDER BY sort ASC 
2018-12-31 11:39:39.066 [qtp666642000-41] [DEBUG] c.v.m.SysSettingMapper.selectList.debug 159 -- ==> Parameters: 
2018-12-31 11:39:39.068 [qtp666642000-41] [DEBUG] c.v.m.SysSettingMapper.selectList.debug 159 -- <==      Total: 3
2018-12-31 11:43:16.963 [qtp666642000-41] [DEBUG] c.v.m.SysSettingMapper.selectList.debug 159 -- ==>  Preparing: SELECT Id,sysKey,sysName,sysValue,sort,sysDesc FROM sys_setting ORDER BY sort ASC 
2018-12-31 11:43:16.964 [qtp666642000-41] [DEBUG] c.v.m.SysSettingMapper.selectList.debug 159 -- ==> Parameters: 
2018-12-31 11:43:16.965 [qtp666642000-41] [DEBUG] c.v.m.SysSettingMapper.selectList.debug 159 -- <==      Total: 3
2018-12-31 11:44:55.467 [qtp666642000-58] [DEBUG] c.v.m.SysSettingMapper.selectList.debug 159 -- ==>  Preparing: SELECT Id,sysKey,sysName,sysValue,sort,sysDesc FROM sys_setting ORDER BY sort ASC 
2018-12-31 11:44:55.468 [qtp666642000-58] [DEBUG] c.v.m.SysSettingMapper.selectList.debug 159 -- ==> Parameters: 
2018-12-31 11:44:55.469 [qtp666642000-58] [DEBUG] c.v.m.SysSettingMapper.selectList.debug 159 -- <==      Total: 3
2018-12-31 11:48:22.136 [qtp666642000-41] [DEBUG] c.v.m.SysSettingMapper.selectList.debug 159 -- ==>  Preparing: SELECT Id,sysKey,sysName,sysValue,sort,sysDesc FROM sys_setting ORDER BY sort ASC 
2018-12-31 11:48:22.137 [qtp666642000-41] [DEBUG] c.v.m.SysSettingMapper.selectList.debug 159 -- ==> Parameters: 
2018-12-31 11:48:22.139 [qtp666642000-41] [DEBUG] c.v.m.SysSettingMapper.selectList.debug 159 -- <==      Total: 3
2018-12-31 11:50:25.070 [qtp666642000-61] [DEBUG] c.v.m.SysSettingMapper.selectList.debug 159 -- ==>  Preparing: SELECT Id,sysKey,sysName,sysValue,sort,sysDesc FROM sys_setting ORDER BY sort ASC 
2018-12-31 11:50:25.071 [qtp666642000-61] [DEBUG] c.v.m.SysSettingMapper.selectList.debug 159 -- ==> Parameters: 
2018-12-31 11:50:25.072 [qtp666642000-61] [DEBUG] c.v.m.SysSettingMapper.selectList.debug 159 -- <==      Total: 3
2018-12-31 11:52:02.315 [qtp666642000-57] [DEBUG] c.v.m.SysSettingMapper.selectList.debug 159 -- ==>  Preparing: SELECT Id,sysKey,sysName,sysValue,sort,sysDesc FROM sys_setting ORDER BY sort ASC 
2018-12-31 11:52:02.316 [qtp666642000-57] [DEBUG] c.v.m.SysSettingMapper.selectList.debug 159 -- ==> Parameters: 
2018-12-31 11:52:02.317 [qtp666642000-57] [DEBUG] c.v.m.SysSettingMapper.selectList.debug 159 -- <==      Total: 3
2018-12-31 11:54:11.181 [qtp666642000-66] [DEBUG] c.v.m.SysSettingMapper.selectList.debug 159 -- ==>  Preparing: SELECT Id,sysKey,sysName,sysValue,sort,sysDesc FROM sys_setting ORDER BY sort ASC 
2018-12-31 11:54:11.181 [qtp666642000-66] [DEBUG] c.v.m.SysSettingMapper.selectList.debug 159 -- ==> Parameters: 
2018-12-31 11:54:11.182 [qtp666642000-66] [DEBUG] c.v.m.SysSettingMapper.selectList.debug 159 -- <==      Total: 3
2018-12-31 11:55:22.216 [qtp666642000-60] [DEBUG] c.v.m.SysSettingMapper.selectList.debug 159 -- ==>  Preparing: SELECT Id,sysKey,sysName,sysValue,sort,sysDesc FROM sys_setting ORDER BY sort ASC 
2018-12-31 11:55:22.217 [qtp666642000-60] [DEBUG] c.v.m.SysSettingMapper.selectList.debug 159 -- ==> Parameters: 
2018-12-31 11:55:22.219 [qtp666642000-60] [DEBUG] c.v.m.SysSettingMapper.selectList.debug 159 -- <==      Total: 3
2018-12-31 11:56:27.537 [qtp666642000-58] [DEBUG] c.v.m.SysSettingMapper.selectList.debug 159 -- ==>  Preparing: SELECT Id,sysKey,sysName,sysValue,sort,sysDesc FROM sys_setting ORDER BY sort ASC 
2018-12-31 11:56:27.537 [qtp666642000-58] [DEBUG] c.v.m.SysSettingMapper.selectList.debug 159 -- ==> Parameters: 
2018-12-31 11:56:27.538 [qtp666642000-58] [DEBUG] c.v.m.SysSettingMapper.selectList.debug 159 -- <==      Total: 3
2018-12-31 11:59:25.933 [qtp666642000-67] [DEBUG] c.v.m.SysSettingMapper.selectList.debug 159 -- ==>  Preparing: SELECT Id,sysKey,sysName,sysValue,sort,sysDesc FROM sys_setting ORDER BY sort ASC 
2018-12-31 11:59:25.933 [qtp666642000-67] [DEBUG] c.v.m.SysSettingMapper.selectList.debug 159 -- ==> Parameters: 
2018-12-31 11:59:25.934 [qtp666642000-67] [DEBUG] c.v.m.SysSettingMapper.selectList.debug 159 -- <==      Total: 3
2018-12-31 12:00:31.975 [qtp666642000-70] [DEBUG] c.v.m.SysSettingMapper.selectList.debug 159 -- ==>  Preparing: SELECT Id,sysKey,sysName,sysValue,sort,sysDesc FROM sys_setting ORDER BY sort ASC 
2018-12-31 12:00:31.976 [qtp666642000-70] [DEBUG] c.v.m.SysSettingMapper.selectList.debug 159 -- ==> Parameters: 
2018-12-31 12:00:31.977 [qtp666642000-70] [DEBUG] c.v.m.SysSettingMapper.selectList.debug 159 -- <==      Total: 3
2018-12-31 12:01:54.733 [qtp666642000-65] [DEBUG] c.v.m.SysSettingMapper.selectList.debug 159 -- ==>  Preparing: SELECT Id,sysKey,sysName,sysValue,sort,sysDesc FROM sys_setting ORDER BY sort ASC 
2018-12-31 12:01:54.733 [qtp666642000-65] [DEBUG] c.v.m.SysSettingMapper.selectList.debug 159 -- ==> Parameters: 
2018-12-31 12:01:54.735 [qtp666642000-65] [DEBUG] c.v.m.SysSettingMapper.selectList.debug 159 -- <==      Total: 3
2018-12-31 12:09:40.683 [qtp666642000-73] [DEBUG] c.v.m.SysSettingMapper.selectList.debug 159 -- ==>  Preparing: SELECT Id,sysKey,sysName,sysValue,sort,sysDesc FROM sys_setting ORDER BY sort ASC 
2018-12-31 12:09:40.684 [qtp666642000-73] [DEBUG] c.v.m.SysSettingMapper.selectList.debug 159 -- ==> Parameters: 
2018-12-31 12:09:40.685 [qtp666642000-73] [DEBUG] c.v.m.SysSettingMapper.selectList.debug 159 -- <==      Total: 3
2018-12-31 12:10:53.599 [qtp666642000-77] [DEBUG] c.v.m.SysSettingMapper.selectList.debug 159 -- ==>  Preparing: SELECT Id,sysKey,sysName,sysValue,sort,sysDesc FROM sys_setting ORDER BY sort ASC 
2018-12-31 12:10:53.600 [qtp666642000-77] [DEBUG] c.v.m.SysSettingMapper.selectList.debug 159 -- ==> Parameters: 
2018-12-31 12:10:53.601 [qtp666642000-77] [DEBUG] c.v.m.SysSettingMapper.selectList.debug 159 -- <==      Total: 3
